2 68
3 60
4 36
5 8
6 112
7 26
8 141
9 99
10 89
11 14
12 34
13 66
14 16
15 105
16 107
17 55
18 104
19 149
20 1
21 123
22 33
23 70
24 151
25 150
26 143
27 41
28 2
29 96
30 1
31 64
32 142
33 107
34 46
35 99
36 128
37 7
38 87
39 50
40 17
41 64
42 76
43 145
44 29
45 104
46 75
47 88
48 33
49 111
50 49
51 2
52 124
53 75
54 112
55 30
56 118
57 21
58 36
59 5
60 127
61 124
62 9
63 62
64 34
65 95
66 156
67 146
68 15
69 67
70 78
71 152
72 121
73 61
74 114
75 22
76 64
77 6
78 76
79 129
80 150
81 75
82 117
83 1
84 95
85 138
86 64
87 4
88 70
89 93
90 160
91 123
92 93
93 4
94 30
95 52
96 51
97 118
98 140
99 69
100 80
101 43
102 16
103 95
104 139
105 73
106 39
107 94
108 15
109 1
110 115
111 9
112 47
113 33
114 137
115 124
116 143
117 135
118 75
119 11
120 114
121 157
122 140
123 103
124 48
125 109
126 9
127 5
128 53
129 35
130 153
131 116
132 146
133 90
134 99
135 84
136 133
137 55
138 136
139 22
140 17
141 9
142 42
143 130
144 153
145 51
146 40
147 92
148 149
149 67
150 73
151 63
152 145
153 151
154 63
155 132
156 123
157 148
158 105
159 95
160 2
161 128
