8906
1 3128
2 1659
3 3322
4 3800
5 8788
6 4052
7 3143
8 2812
9 7390
10 3032
11 1081
12 8492
13 8033
14 6865
15 6681
16 7339
17 4681
18 7680
19 307
20 6985
21 7379
22 2598
23 3297
24 8314
25 1627
26 6049
27 6233
28 1575
29 7624
30 4893
31 4247
32 3241
33 8220
34 8405
35 7914
36 8345
37 4822
38 1551
39 1215
40 5796
41 3133
42 4341
43 4862
44 3415
45 5008
46 7645
47 7404
48 7323
49 4065
50 47
51 4161
52 7745
53 7127
54 7674
55 6494
56 5660
57 1410
58 92
59 8862
60 1871
61 3745
62 2498
63 3729
64 1924
65 5748
66 4964
67 4619
68 5033
69 6552
70 933
71 2184
72 7102
73 1739
74 8122
75 1997
76 5772
77 686
78 3137
79 8832
80 1714
81 6359
82 6662
83 378
84 6298
85 5881
86 6850
87 1874
88 6759
89 6810
90 7759
91 507
92 5899
93 3201
94 6075
95 1787
96 495
97 6325
98 5917
99 298
100 8277
101 5826
102 2915
103 3930
104 3153
105 2356
106 6010
107 7636
108 2835
109 8018
110 1045
111 7148
112 5226
113 3991
114 6515
115 4583
116 7761
117 5088
118 2437
119 657
120 5480
121 6379
122 938
123 6270
124 5622
125 5963
126 4424
127 1565
128 7311
129 3793
130 5912
131 1164
132 4782
133 1695
134 3243
135 3353
136 2783
137 8328
138 153
139 6943
140 6088
141 3955
142 3677
143 1364
144 7605
145 1230
146 3694
147 7347
148 4686
149 3859
150 7133
151 201
152 4668
153 2584
154 8069
155 5788
156 5317
157 953
158 697
159 2418
160 3979
161 1563
162 5889
163 795
164 401
165 4554
166 1443
167 8088
168 1759
169 7239
170 4150
171 1681
172 7481
173 8177
174 121
175 682
176 6820
177 8901
178 2702
179 1187
180 1441
181 405
182 6978
183 7709
184 4313
185 5177
186 3560
187 5094
188 3070
189 6024
190 2854
191 408
192 4675
193 3394
194 1609
195 472
196 4259
197 3636
198 1118
199 3887
200 506
201 844
202 5252
203 4077
204 462
205 3142
206 8248
207 902
208 7731
209 4792
210 739
211 6775
212 6920
213 6191
214 5386
215 3341
216 1207
217 4535
218 6897
219 66
220 6147
221 3811
222 3
223 5787
224 748
225 5866
226 2579
227 8453
228 3725
229 8079
230 1392
231 4601
232 141
233 6419
234 3410
235 6992
236 940
237 4351
238 6792
239 4897
240 422
241 4625
242 5379
243 6608
244 3127
245 3453
246 2325
247 7141
248 3019
249 7845
250 400
251 8883
252 2029
253 5135
254 1296
255 2414
256 8684
257 6329
258 1143
259 3981
260 7603
261 7150
262 77
263 8251
264 6048
265 5272
266 3305
267 6654
268 6346
269 4043
270 448
271 1943
272 4055
273 2716
274 5855
275 1070
276 6039
277 3528
278 1614
279 5259
280 8759
281 2450
282 6465
283 6156
284 4643
285 4323
286 7286
287 8145
288 2028
289 3966
290 8850
291 6222
292 5342
293 2990
294 5188
295 7902
296 4846
297 4133
298 6330
299 6170
300 5971
301 2905
302 815
303 1777
304 4807
305 2556
306 5469
307 6127
308 2612
309 8571
310 6932
311 3685
312 1190
313 2367
314 4816
315 7337
316 515
317 3115
318 5356
319 4692
320 4145
321 5358
322 2213
323 1289
324 4966
325 4292
326 2300
327 1257
328 3556
329 4226
330 254
331 8059
332 5104
333 1059
334 1397
335 3862
336 3911
337 8299
338 2138
339 8168
340 4972
341 5184
342 6290
343 1461
344 2921
345 4058
346 1316
347 6080
348 1865
349 6564
350 8028
351 2608
352 968
353 896
354 5538
355 1704
356 4061
357 6714
358 976
359 7792
360 4520
361 617
362 7867
363 1504
364 1641
365 5377
366 7219
367 2867
368 2738
369 2350
370 2420
371 5396
372 4911
373 5801
374 7289
375 1834
376 4518
377 6218
378 8569
379 5852
380 7923
381 424
382 7101
383 6292
384 1398
385 4584
386 1396
387 140
388 8780
389 8356
390 8244
391 8744
392 619
393 2577
394 2622
395 413
396 5783
397 4461
398 2873
399 3902
400 839
401 4346
402 6116
403 848
404 2837
405 6455
406 4471
407 7545
408 8630
409 7764
410 1680
411 1560
412 5467
413 2911
414 3234
415 4609
416 3345
417 5620
418 5251
419 2058
420 6587
421 1990
422 4419
423 1679
424 7052
425 4265
426 6597
427 476
428 477
429 8661
430 1902
431 8430
432 5492
433 6458
434 2937
435 1176
436 169
437 6092
438 7342
439 781
440 5339
441 4033
442 903
443 8637
444 6489
445 5743
446 5484
447 6038
448 6288
449 8840
450 1546
451 5285
452 5486
453 5127
454 7302
455 6615
456 7287
457 4955
458 2178
459 7907
460 8422
461 6307
462 8213
463 8261
464 5759
465 4038
466 8270
467 1100
468 3092
469 6848
470 5858
471 1186
472 7275
473 5746
474 2282
475 6533
476 4024
477 8559
478 5206
479 6306
480 3079
481 358
482 150
483 5513
484 7841
485 2108
486 7884
487 6221
488 4560
489 2211
490 3072
491 1584
492 6851
493 7838
494 4578
495 4482
496 1691
497 4826
498 5207
499 8402
500 8140
501 1136
502 2171
503 1273
504 3766
505 981
506 8903
507 1590
508 2569
509 8575
510 1058
511 7487
512 8162
513 3574
514 2094
515 3880
516 6776
517 325
518 4090
519 7026
520 4041
521 5693
522 2052
523 879
524 1242
525 87
526 7641
527 6002
528 5068
529 8246
530 3511
531 7265
532 4008
533 7785
534 3091
535 407
536 7134
537 4916
538 258
539 230
540 7945
541 3986
542 5372
543 2411
544 618
545 6259
546 5672
547 5625
548 6047
549 5439
550 2364
551 5201
552 469
553 1056
554 3374
555 2866
556 1193
557 3145
558 3845
559 6660
560 3417
561 7259
562 2642
563 720
564 7045
565 6070
566 4891
567 969
568 7977
569 6729
570 3816
571 1232
572 7034
573 535
574 4451
575 4213
576 6774
577 447
578 7919
579 3715
580 560
581 17
582 4080
583 4121
584 3251
585 5645
586 1246
587 6495
588 6916
589 2883
590 1572
591 5956
592 3052
593 6007
594 1007
595 2750
596 8539
597 4358
598 1128
599 6639
600 679
601 7103
602 8203
603 2471
604 251
605 6315
606 8184
607 5516
608 8581
609 856
610 8529
611 6263
612 735
613 6574
614 5450
615 8133
616 4224
617 4304
618 5916
619 1678
620 6356
621 7788
622 5606
623 6097
624 6439
625 3267
626 1828
627 3113
628 3882
629 8870
630 8606
631 7448
632 1711
633 7498
634 4552
635 1357
636 4581
637 5765
638 6777
639 7936
640 6054
641 4283
642 1700
643 5176
644 8762
645 880
646 6103
647 5773
648 3389
649 4970
650 7720
651 820
652 3858
653 3709
654 302
655 1918
656 5859
657 1812
658 3480
659 2467
660 3206
661 3441
662 3772
663 4199
664 8621
665 8783
666 7944
667 4548
668 6924
669 8239
670 3906
671 829
672 2623
673 2416
674 5091
675 8625
676 3101
677 7523
678 259
679 8370
680 5543
681 7195
682 5920
683 8188
684 8091
685 6736
686 504
687 3705
688 3012
689 5655
690 438
691 362
692 1969
693 3804
694 5418
695 6953
696 4271
697 5161
698 4582
699 7234
700 2586
701 745
702 8245
703 7318
704 645
705 3219
706 7317
707 5504
708 3578
709 3945
710 8636
711 7114
712 8711
713 5753
714 3621
715 4174
716 4985
717 1804
718 281
719 2476
720 746
721 4954
722 3742
723 1655
724 4839
725 3356
726 904
727 7507
728 6715
729 3093
730 8900
731 8574
732 7900
733 5725
734 4220
735 2859
736 12
737 8666
738 6794
739 4603
740 8476
741 3158
742 7713
743 111
744 7656
745 4821
746 8191
747 4919
748 5690
749 6052
750 2980
751 2456
752 1657
753 5114
754 8379
755 7715
756 4945
757 4245
758 4234
759 8787
760 3973
761 7242
762 5954
763 3419
764 162
765 4321
766 4278
767 91
768 5293
769 5458
770 1656
771 4707
772 634
773 2368
774 835
775 6269
776 7652
777 6984
778 243
779 3152
780 1765
781 5264
782 2430
783 7360
784 8749
785 6780
786 5126
787 3974
788 2872
789 8582
790 7844
791 37
792 6151
793 5650
794 4400
795 300
796 661
797 1139
798 1335
799 5728
800 5785
801 356
802 1363
803 2428
804 7172
805 1023
806 4225
807 1009
808 3896
809 6171
810 5123
811 1890
812 3237
813 7062
814 4881
815 3388
816 5604
817 5555
818 669
819 3526
820 7628
821 6764
822 8657
823 3038
824 3055
825 2618
826 4223
827 5429
828 6266
829 2658
830 366
831 8651
832 7604
833 5408
834 4847
835 1549
836 5817
837 270
838 3235
839 7583
840 837
841 3069
842 959
843 4536
844 5642
845 4286
846 4586
847 6347
848 3595
849 4436
850 2046
851 3651
852 797
853 137
854 2700
855 7079
856 6163
857 1945
858 8260
859 6077
860 5336
861 1932
862 5802
863 4818
864 4908
865 1181
866 3637
867 6809
868 2163
869 5411
870 8750
871 8755
872 3741
873 2607
874 6485
875 5897
876 4373
877 1453
878 788
879 8537
880 3107
881 671
882 675
883 5684
884 4093
885 5540
886 567
887 7807
888 7166
889 6466
890 7463
891 7359
892 4801
893 5596
894 4443
895 614
896 3828
897 4049
898 4447
899 6400
900 3543
901 8340
902 5364
903 6575
904 2524
905 3622
906 1200
907 2084
908 3539
909 5721
910 2158
911 2965
912 4392
913 5137
914 229
915 6568
916 4580
917 2310
918 6051
919 5815
920 4669
921 3912
922 6708
923 2265
924 7238
925 5305
926 2810
927 2780
928 7589
929 6480
930 3309
931 1836
932 8046
933 4515
934 4293
935 4329
936 5053
937 6903
938 1733
939 7949
940 7643
941 8791
942 644
943 206
944 6643
945 8334
946 1840
947 2072
948 1534
949 8713
950 337
951 4591
952 802
953 2170
954 5882
955 3871
956 4701
957 7060
958 7005
959 6963
960 5708
961 5792
962 5238
963 3487
964 5331
965 8098
966 4673
967 4047
968 6464
969 130
970 6017
971 1237
972 623
973 1377
974 3630
975 7370
976 1914
977 2195
978 5947
979 7799
980 6394
981 8898
982 7356
983 4900
984 3335
985 3591
986 3933
987 7985
988 7964
989 4899
990 7595
991 8180
992 4743
993 857
994 2408
995 6238
996 8532
997 1712
998 5873
999 2757
1000 3089
1001 3103
1002 3256
1003 3202
1004 1199
1005 5002
1006 7607
1007 5652
1008 3959
1009 1050
1010 7086
1011 4741
1012 2381
1013 8313
1014 7003
1015 6931
1016 1355
1017 2920
1018 2809
1019 8087
1020 2254
1021 7149
1022 7511
1023 2299
1024 5756
1025 5506
1026 855
1027 4337
1028 1093
1029 3087
1030 3664
1031 3227
1032 8209
1033 7433
1034 1849
1035 7917
1036 8022
1037 1595
1038 311
1039 6621
1040 4403
1041 7385
1042 2869
1043 1663
1044 3541
1045 2076
1046 3488
1047 1245
1048 5754
1049 1012
1050 5446
1051 6250
1052 4749
1053 6773
1054 1894
1055 3724
1056 508
1057 1745
1058 4942
1059 7484
1060 3797
1061 7738
1062 3494
1063 293
1064 1797
1065 3347
1066 6482
1067 3831
1068 5039
1069 6386
1070 1689
1071 5680
1072 5723
1073 2241
1074 2787
1075 638
1076 2407
1077 6155
1078 8704
1079 2933
1080 3171
1081 2564
1082 514
1083 5066
1084 2823
1085 131
1086 4823
1087 4525
1088 1979
1089 3532
1090 2777
1091 1175
1092 5383
1093 1820
1094 4952
1095 1672
1096 2621
1097 763
1098 5523
1099 7479
1100 5288
1101 7815
1102 4545
1103 3838
1104 1284
1105 1248
1106 6337
1107 2379
1108 2906
1109 136
1110 2478
1111 1750
1112 1971
1113 2519
1114 8254
1115 4054
1116 1211
1117 2174
1118 6898
1119 2150
1120 3696
1121 3307
1122 1589
1123 7893
1124 5706
1125 7063
1126 2022
1127 5777
1128 4565
1129 7793
1130 1611
1131 779
1132 603
1133 521
1134 4422
1135 8572
1136 5709
1137 7557
1138 4883
1139 5906
1140 5701
1141 3588
1142 5473
1143 2671
1144 1077
1145 7307
1146 1570
1147 6344
1148 8234
1149 906
1150 8880
1151 4248
1152 1282
1153 7130
1154 584
1155 6430
1156 8725
1157 8541
1158 1515
1159 5988
1160 44
1161 3025
1162 7878
1163 215
1164 1522
1165 6399
1166 1452
1167 3530
1168 4719
1169 5290
1170 5851
1171 2729
1172 2525
1173 7343
1174 7546
1175 2153
1176 6167
1177 8002
1178 1092
1179 2205
1180 4710
1181 6567
1182 8157
1183 1723
1184 1922
1185 372
1186 4682
1187 5270
1188 8629
1189 5982
1190 3736
1191 1810
1192 4303
1193 2285
1194 7816
1195 6678
1196 3808
1197 3732
1198 3150
1199 7461
1200 55
1201 3175
1202 3653
1203 1671
1204 8333
1205 2559
1206 8535
1207 2624
1208 1315
1209 3551
1210 2756
1211 7082
1212 1492
1213 6687
1214 7177
1215 6296
1216 3647
1217 6387
1218 7429
1219 5221
1220 7801
1221 339
1222 3570
1223 7421
1224 7131
1225 8288
1226 8523
1227 2774
1228 105
1229 1518
1230 1178
1231 3108
1232 7107
1233 8034
1234 3700
1235 396
1236 3764
1237 7018
1238 5299
1239 204
1240 6214
1241 266
1242 8824
1243 3332
1244 6257
1245 8481
1246 4567
1247 6011
1248 8709
1249 7509
1250 6327
1251 3413
1252 3888
1253 1523
1254 4930
1255 2000
1256 8134
1257 1661
1258 4136
1259 4677
1260 1024
1261 501
1262 324
1263 6594
1264 8790
1265 2353
1266 767
1267 5976
1268 883
1269 6310
1270 3049
1271 8546
1272 2522
1273 6647
1274 6808
1275 2436
1276 1991
1277 4123
1278 3003
1279 4444
1280 2374
1281 3236
1282 7029
1283 7757
1284 8258
1285 143
1286 2166
1287 2242
1288 2754
1289 957
1290 1684
1291 7566
1292 1331
1293 6779
1294 2204
1295 8863
1296 8020
1297 1935
1298 1957
1299 3702
1300 4388
1301 5694
1302 1274
1303 3071
1304 2594
1305 6819
1306 480
1307 1887
1308 8125
1309 7039
1310 7274
1311 3997
1312 8089
1313 7048
1314 2790
1315 1149
1316 5079
1317 6516
1318 7161
1319 3249
1320 6537
1321 2549
1322 712
1323 3740
1324 4604
1325 725
1326 3915
1327 4335
1328 4206
1329 2763
1330 8354
1331 5164
1332 2444
1333 8341
1334 394
1335 6885
1336 3224
1337 6395
1338 1934
1339 3649
1340 2324
1341 2507
1342 3434
1343 5442
1344 4089
1345 578
1346 8765
1347 4724
1348 2464
1349 2164
1350 7966
1351 1869
1352 6413
1353 6440
1354 4840
1355 4717
1356 6789
1357 7435
1358 4996
1359 845
1360 4126
1361 1566
1362 115
1363 2844
1364 7539
1365 3033
1366 2382
1367 2106
1368 1851
1369 6025
1370 2472
1371 168
1372 2719
1373 119
1374 8469
1375 6383
1376 4884
1377 1667
1378 7519
1379 3773
1380 2791
1381 1353
1382 3507
1383 4059
1384 3174
1385 4347
1386 1047
1387 7554
1388 6069
1389 4186
1390 4325
1391 6695
1392 7153
1393 7670
1394 4240
1395 800
1396 2206
1397 3497
1398 3687
1399 4659
1400 1505
1401 4413
1402 7000
1403 7423
1404 648
1405 3229
1406 4311
1407 3885
1408 8394
1409 5878
1410 6823
1411 5849
1412 1465
1413 5871
1414 5732
1415 1900
1416 8851
1417 2546
1418 5618
1419 8382
1420 4615
1421 2704
1422 2349
1423 2962
1424 1425
1425 7020
1426 5821
1427 5698
1428 7781
1429 3090
1430 239
1431 8714
1432 8294
1433 5943
1434 2698
1435 4332
1436 2727
1437 4266
1438 6852
1439 282
1440 4841
1441 3284
1442 6432
1443 2560
1444 3817
1445 5816
1446 4666
1447 4168
1448 8445
1449 5681
1450 2712
1451 2611
1452 3134
1453 3674
1454 8148
1455 7247
1456 5811
1457 6060
1458 5629
1459 6162
1460 8852
1461 7596
1462 6926
1463 7067
1464 2393
1465 4157
1466 7491
1467 7830
1468 8890
1469 7633
1470 8096
1471 6285
1472 7092
1473 5730
1474 2861
1475 95
1476 4511
1477 1904
1478 8689
1479 4534
1480 525
1481 3010
1482 8163
1483 1196
1484 8055
1485 2115
1486 7631
1487 4642
1488 4144
1489 5626
1490 8215
1491 4544
1492 5842
1493 4327
1494 159
1495 2764
1496 2651
1497 3238
1498 8591
1499 1054
1500 7899
1501 75
1502 5025
1503 5113
1504 2020
1505 5362
1506 6332
1507 379
1508 7751
1509 2510
1510 2440
1511 7401
1512 2885
1513 3476
1514 6271
1515 5636
1516 7477
1517 5894
1518 1646
1519 3558
1520 3269
1521 2814
1522 6572
1523 1224
1524 3274
1525 2380
1526 2954
1527 7989
1528 5314
1529 1637
1530 2317
1531 7584
1532 2805
1533 3302
1534 4212
1535 2441
1536 4509
1537 6796
1538 8465
1539 3716
1540 2099
1541 2688
1542 2103
1543 3634
1544 5601
1545 8312
1546 544
1547 6061
1548 2890
1549 1048
1550 423
1551 225
1552 276
1553 5803
1554 271
1555 4051
1556 4187
1557 913
1558 8479
1559 5903
1560 7089
1561 2354
1562 7441
1563 4073
1564 214
1565 4359
1566 3083
1567 3652
1568 2193
1569 3371
1570 5995
1571 7478
1572 4143
1573 8141
1574 228
1575 3665
1576 2568
1577 7925
1578 977
1579 4747
1580 934
1581 3782
1582 6637
1583 5999
1584 8298
1585 8778
1586 8384
1587 5733
1588 8703
1589 1530
1590 836
1591 4398
1592 6579
1593 1472
1594 5447
1595 7627
1596 1266
1597 1302
1598 7203
1599 6235
1600 984
1601 2001
1602 8688
1603 2693
1604 4716
1605 7290
1606 5320
1607 4
1608 8818
1609 470
1610 1336
1611 8769
1612 4312
1613 7911
1614 2897
1615 6237
1616 6831
1617 3646
1618 8723
1619 6677
1620 8344
1621 4083
1622 1884
1623 6349
1624 1586
1625 3282
1626 4886
1627 4502
1628 4421
1629 2865
1630 4468
1631 821
1632 5729
1633 6582
1634 7112
1635 7634
1636 3078
1637 1658
1638 8487
1639 2466
1640 4040
1641 5966
1642 4556
1643 7227
1644 3814
1645 539
1646 5711
1647 2452
1648 7981
1649 4204
1650 3600
1651 6059
1652 2147
1653 1692
1654 8904
1655 3892
1656 7705
1657 7321
1658 3122
1659 7214
1660 3921
1661 2994
1662 273
1663 1025
1664 901
1665 7262
1666 3587
1667 882
1668 7269
1669 2293
1670 2913
1671 6373
1672 6140
1673 2930
1674 3232
1675 2762
1676 4076
1677 2208
1678 5703
1679 8112
1680 7597
1681 3581
1682 2114
1683 336
1684 8682
1685 3836
1686 349
1687 6750
1688 5022
1689 5806
1690 8816
1691 1116
1692 8724
1693 8452
1694 2739
1695 833
1696 2571
1697 5635
1698 596
1699 7336
1700 314
1701 7155
1702 7132
1703 3775
1704 3496
1705 6131
1706 978
1707 3303
1708 1948
1709 3932
1710 2733
1711 8016
1712 8103
1713 4007
1714 3124
1715 556
1716 1961
1717 20
1718 2591
1719 3854
1720 7388
1721 3760
1722 7322
1723 1933
1724 8650
1725 2037
1726 5574
1727 750
1728 3149
1729 4437
1730 3645
1731 1319
1732 3230
1733 6717
1734 816
1735 1014
1736 5241
1737 7474
1738 4230
1739 3538
1740 6893
1741 3359
1742 2427
1743 1768
1744 188
1745 6720
1746 6755
1747 1827
1748 7789
1749 891
1750 3734
1751 6733
1752 6188
1753 6424
1754 5
1755 7246
1756 8230
1757 5208
1758 3597
1759 492
1760 939
1761 1051
1762 1380
1763 1749
1764 1652
1765 8331
1766 2081
1767 8473
1768 485
1769 3199
1770 5051
1771 3385
1772 1727
1773 3029
1774 4448
1775 5134
1776 1481
1777 911
1778 5786
1779 4127
1780 6068
1781 700
1782 3944
1783 52
1784 7825
1785 2390
1786 1060
1787 2454
1788 6507
1789 7543
1790 7226
1791 2
1792 8164
1793 1784
1794 4369
1795 5054
1796 7568
1797 2737
1798 6215
1799 3891
1800 54
1801 2433
1802 6801
1803 5283
1804 499
1805 3002
1806 8512
1807 688
1808 6829
1809 6282
1810 8368
1811 7682
1812 4250
1813 2055
1814 4453
1815 3456
1816 4959
1817 4191
1818 4870
1819 7083
1820 3407
1821 1776
1822 3965
1823 4416
1824 4454
1825 8774
1826 8586
1827 2870
1828 5415
1829 2362
1830 4374
1831 8626
1832 7053
1833 7965
1834 3273
1835 2701
1836 6908
1837 7681
1838 4117
1839 4273
1840 8874
1841 5318
1842 7515
1843 6107
1844 5271
1845 3824
1846 7165
1847 1888
1848 620
1849 3209
1850 6814
1851 7199
1852 3420
1853 6481
1854 1218
1855 8349
1856 1782
1857 2489
1858 1837
1859 7126
1860 6883
1861 2402
1862 5745
1863 983
1864 2465
1865 8043
1866 4531
1867 5133
1868 8893
1869 279
1870 7955
1871 6478
1872 4857
1873 5939
1874 6797
1875 4624
1876 3472
1877 7445
1878 694
1879 6977
1880 5191
1881 2100
1882 7115
1883 8025
1884 2875
1885 250
1886 5890
1887 7016
1888 6578
1889 387
1890 5080
1891 2116
1892 6299
1893 4889
1894 359
1895 3670
1896 770
1897 4547
1898 5316
1899 4721
1900 3873
1901 2682
1902 8031
1903 3204
1904 6743
1905 8221
1906 1347
1907 7859
1908 6497
1909 3679
1910 7812
1911 2944
1912 5550
1913 4079
1914 715
1915 6976
1916 2741
1917 7320
1918 4469
1919 7550
1920 6368
1921 6476
1922 7868
1923 1493
1924 2252
1925 2761
1926 6682
1927 8418
1928 2628
1929 6083
1930 3338
1931 7095
1932 4800
1933 1847
1934 2794
1935 265
1936 5368
1937 4589
1938 1897
1939 7722
1940 5387
1941 86
1942 4387
1943 1168
1944 1872
1945 2758
1946 3088
1947 4198
1948 728
1949 5623
1950 6549
1951 5615
1952 6652
1953 8263
1954 376
1955 935
1956 5378
1957 2279
1958 5714
1959 4542
1960 3910
1961 1716
1962 1220
1963 3718
1964 5499
1965 5065
1966 7614
1967 3343
1968 338
1969 6253
1970 385
1971 6168
1972 866
1973 5494
1974 4632
1975 2576
1976 4098
1977 5353
1978 7206
1979 962
1980 1165
1981 2802
1982 1446
1983 2371
1984 7236
1985 1326
1986 2177
1987 4871
1988 2514
1989 2955
1990 1930
1991 7863
1992 2942
1993 4661
1994 6528
1995 3210
1996 3211
1997 7415
1998 3611
1999 399
2000 5437
2001 449
2002 5359
2003 5096
2004 5003
2005 4062
2006 8008
2007 3907
2008 8796
2009 1079
2010 8237
2011 6407
2012 6199
2013 1567
2014 7240
2015 5388
2016 2537
2017 4197
2018 6091
2019 6918
2020 3261
2021 8878
2022 6874
2023 6372
2024 4074
2025 5076
2026 6105
2027 6716
2028 3810
2029 4501
2030 6109
2031 8057
2032 1271
2033 2015
2034 1409
2035 7558
2036 6055
2037 8007
2038 6450
2039 2533
2040 2480
2041 2746
2042 5910
2043 5891
2044 7855
2045 123
2046 6951
2047 1891
2048 1
2049 871
2050 8460
2051 2110
2052 6817
2053 4679
2054 2934
2055 5233
2056 2395
2057 771
2058 1752
2059 5560
2060 6765
2061 4523
2062 8490
2063 5968
2064 1019
2065 6869
2066 1829
2067 7719
2068 2946
2069 2152
2070 4072
2071 1746
2072 3245
2073 5867
2074 5872
2075 1258
2076 1458
2077 7723
2078 2135
2079 1920
2080 3257
2081 1114
2082 1591
2083 2117
2084 4244
2085 7241
2086 6384
2087 8502
2088 1822
2089 749
2090 3767
2091 2027
2092 466
2093 8691
2094 1337
2095 7699
2096 4688
2097 8092
2098 8242
2099 5049
2100 7372
2101 3841
2102 4953
2103 4834
2104 5554
2105 7915
2106 6004
2107 4957
2108 382
2109 8797
2110 3372
2111 4960
2112 2975
2113 5400
2114 1703
2115 2499
2116 4450
2117 2765
2118 8690
2119 7564
2120 8076
2121 4160
2122 8147
2123 5804
2124 1878
2125 7057
2126 3839
2127 684
2128 6878
2129 4215
2130 673
2131 8649
2132 4683
2133 497
2134 3283
2135 760
2136 272
2137 8322
2138 4330
2139 1156
2140 8699
2141 705
2142 818
2143 7116
2144 1303
2145 2035
2146 3769
2147 2173
2148 8830
2149 217
2150 8656
2151 8640
2152 7210
2153 4832
2154 1272
2155 8363
2156 3832
2157 772
2158 3233
2159 4302
2160 1531
2161 4490
2162 1815
2163 3391
2164 8820
2165 7019
2166 5546
2167 404
2168 8121
2169 646
2170 7819
2171 5578
2172 8397
2173 6234
2174 1669
2175 8730
2176 545
2177 7883
2178 1460
2179 5893
2180 4477
2181 8551
2182 7987
2183 8252
2184 1809
2185 3952
2186 1774
2187 6508
2188 8720
2189 6273
2190 7332
2191 5983
2192 2305
2193 2734
2194 1624
2195 1539
2196 8441
2197 7988
2198 5425
2199 5524
2200 1635
2201 7255
2202 979
2203 780
2204 5619
2205 7205
2206 21
2207 3596
2208 370
2209 7297
2210 5027
2211 5267
2212 6503
2213 5752
2214 3559
2215 5564
2216 3936
2217 1995
2218 7229
2219 4364
2220 1509
2221 4294
2222 2018
2223 5790
2224 1421
2225 2491
2226 7328
2227 7334
2228 6467
2229 1040
2230 4867
2231 2479
2232 7410
2233 2983
2234 7217
2235 7348
2236 5591
2237 5216
2238 498
2239 489
2240 367
2241 4281
2242 3214
2243 6323
2244 809
2245 5616
2246 5106
2247 1172
2248 6403
2249 5173
2250 5343
2251 549
2252 3521
2253 5505
2254 5979
2255 4246
2256 4740
2257 2742
2258 6688
2259 3156
2260 5800
2261 922
2262 2047
2263 2462
2264 8101
2265 8639
2266 4106
2267 3812
2268 6447
2269 6517
2270 1859
2271 1445
2272 1234
2273 828
2274 2250
2275 7762
2276 8466
2277 8428
2278 3598
2279 8531
2280 6995
2281 1965
2282 5822
2283 650
2284 2871
2285 6600
2286 1288
2287 194
2288 8538
2289 3500
2290 1794
2291 631
2292 1738
2293 3668
2294 702
2295 3809
2296 3909
2297 1225
2298 7176
2299 4380
2300 8543
2301 840
2302 4377
2303 7358
2304 6095
2305 2527
2306 4394
2307 1451
2308 830
2309 6719
2310 235
2311 2272
2312 1109
2313 3879
2314 963
2315 7703
2316 3449
2317 1856
2318 7664
2319 6181
2320 1096
2321 6409
2322 3762
2323 5710
2324 6015
2325 2640
2326 7933
2327 7729
2328 1491
2329 6778
2330 1710
2331 5186
2332 3531
2333 49
2334 1753
2335 3259
2336 2847
2337 3927
2338 5211
2339 1002
2340 7218
2341 2339
2342 7926
2343 3166
2344 7769
2345 2534
2346 216
2347 8415
2348 1440
2349 152
2350 6856
2351 83
2352 3154
2353 2007
2354 4328
2355 5551
2356 4500
2357 1947
2358 7611
2359 8562
2360 547
2361 8052
2362 1538
2363 4013
2364 2340
2365 3194
2366 8570
2367 601
2368 6035
2369 3602
2370 1065
2371 908
2372 6986
2373 3805
2374 5508
2375 3586
2376 2705
2377 8207
2378 1735
2379 6029
2380 4907
2381 1321
2382 3447
2383 3121
2384 1240
2385 4820
2386 2941
2387 4974
2388 1527
2389 2447
2390 1982
2391 4657
2392 4923
2393 6209
2394 5807
2395 1548
2396 8846
2397 8229
2398 3176
2399 4414
2400 348
2401 7096
2402 7961
2403 4357
2404 999
2405 2581
2406 4142
2407 621
2408 455
2409 751
2410 8501
2411 6709
2412 6412
2413 5392
2414 6058
2415 8495
2416 3536
2417 4182
2418 2557
2419 8311
2420 2643
2421 3310
2422 7577
2423 53
2424 1276
2425 6364
2426 4713
2427 1557
2428 6093
2429 4264
2430 6186
2431 611
2432 5559
2433 1596
2434 7796
2435 1127
2436 179
2437 6763
2438 8879
2439 8861
2440 8442
2441 2820
2442 8276
2443 6226
2444 4559
2445 3469
2446 2580
2447 354
2448 2717
2449 2017
2450 5195
2451 4817
2452 3024
2453 8458
2454 1279
2455 3550
2456 8461
2457 3860
2458 11
2459 6255
2460 4463
2461 7833
2462 2760
2463 5641
2464 5395
2465 4345
2466 1430
2467 2766
2468 548
2469 6542
2470 452
2471 2828
2472 2318
2473 6428
2474 3475
2475 4306
2476 7173
2477 7795
2478 2038
2479 6435
2480 1083
2481 1291
2482 4028
2483 8514
2484 863
2485 5304
2486 1737
2487 3330
2488 6475
2489 8507
2490 8576
2491 8603
2492 1831
2493 4354
2494 7495
2495 4492
2496 5222
2497 2460
2498 3457
2499 2118
2500 2089
2501 5902
2502 4396
2503 8857
2504 5073
2505 8660
2506 246
2507 1664
2508 7352
2509 3655
2510 7615
2511 8885
2512 5260
2513 534
2514 7756
2515 774
2516 4391
2517 4382
2518 5239
2519 4888
2520 2187
2521 176
2522 7937
2523 3484
2524 2469
2525 3605
2526 4802
2527 8564
2528 6772
2529 7950
2530 4030
2531 1955
2532 7813
2533 2051
2534 3028
2535 8680
2536 6785
2537 8406
2538 6996
2539 7888
2540 6620
2541 7431
2542 742
2543 4595
2544 4848
2545 3218
2546 4927
2547 7608
2548 1208
2549 6909
2550 6786
2551 4571
2552 2341
2553 6297
2554 493
2555 4803
2556 7490
2557 4203
2558 1578
2559 4353
2560 966
2561 8728
2562 7037
2563 4849
2564 4551
2565 5110
2566 1536
2567 7459
2568 5598
2569 3445
2570 1281
2571 3058
2572 2770
2573 357
2574 5338
2575 4118
2576 7272
2577 1252
2578 3195
2579 1747
2580 7804
2581 343
2582 5869
2583 924
2584 3062
2585 456
2586 5647
2587 4702
2588 577
2589 1097
2590 7831
2591 4363
2592 625
2593 3971
2594 4457
2595 5422
2596 3354
2597 8287
2598 2977
2599 3914
2600 5865
2601 7661
2602 4104
2603 7692
2604 1411
2605 1964
2606 4594
2607 8224
2608 6033
2609 6161
2610 1721
2611 8764
2612 7414
2613 6085
2614 6438
2615 6623
2616 5967
2617 4252
2618 2248
2619 4614
2620 3524
2621 264
2622 4020
2623 7559
2624 5673
2625 1929
2626 8747
2627 4875
2628 1328
2629 3075
2630 7225
2631 4653
2632 7659
2633 6962
2634 8086
2635 4162
2636 7886
2637 3490
2638 1250
2639 7232
2640 8352
2641 6115
2642 156
2643 8317
2644 3263
2645 3733
2646 5060
2647 2832
2648 4495
2649 8806
2650 5155
2651 7730
2652 8609
2653 5712
2654 333
2655 3746
2656 1996
2657 4042
2658 7555
2659 3300
2660 5024
2661 8372
2662 8721
2663 1676
2664 5384
2665 6411
2666 8385
2667 2997
2668 4768
2669 1722
2670 5035
2671 4376
2672 2845
2673 8001
2674 3676
2675 6134
2676 3730
2677 7621
2678 1488
2679 7106
2680 2684
2681 3579
2682 5461
2683 2724
2684 2736
2685 3712
2686 4310
2687 7537
2688 3198
2689 6841
2690 8387
2691 943
2692 8151
2693 3114
2694 5491
2695 8324
2696 5553
2697 2862
2698 4956
2699 2986
2700 177
2701 3246
2702 2927
2703 6224
2704 3467
2705 5565
2706 6471
2707 8542
2708 4770
2709 147
2710 117
2711 247
2712 1437
2713 6686
2714 1283
2715 4254
2716 444
2717 2102
2718 8424
2719 6086
2720 3864
2721 1342
2722 2122
2723 8269
2724 3326
2725 5085
2726 2131
2727 1422
2728 4205
2729 6520
2730 8521
2731 799
2732 5381
2733 6492
2734 6357
2735 4249
2736 420
2737 490
2738 2455
2739 8800
2740 1972
2741 1450
2742 7521
2743 7413
2744 6506
2745 467
2746 5477
2747 7399
2748 4107
2749 8123
2750 350
2751 7946
2752 5945
2753 8595
2754 2104
2755 3151
2756 2091
2757 8119
2758 8171
2759 599
2760 2003
2761 187
2762 7453
2763 3439
2764 1473
2765 8891
2766 8253
2767 5562
2768 711
2769 6410
2770 4207
2771 2039
2772 7956
2773 1332
2774 6145
2775 1160
2776 7105
2777 6509
2778 7850
2779 478
2780 2327
2781 180
2782 2342
2783 3132
2784 6875
2785 377
2786 165
2787 5136
2788 4829
2789 1983
2790 8822
2791 3673
2792 1860
2793 7637
2794 4002
2795 4855
2796 56
2797 727
2798 8628
2799 805
2800 252
2801 5041
2802 5464
2803 3418
2804 2801
2805 8454
2806 3711
2807 7810
2808 2679
2809 7077
2810 5727
2811 4517
2812 7765
2813 2125
2814 2931
2815 1966
2816 5819
2817 260
2818 2261
2819 4787
2820 4149
2821 6846
2822 5692
2823 8578
2824 2744
2825 2442
2826 543
2827 3068
2828 4082
2829 2360
2830 6124
2831 2829
2832 6802
2833 4563
2834 1644
2835 5717
2836 3382
2837 6125
2838 1866
2839 6396
2840 1027
2841 8773
2842 3692
2843 6443
2844 2948
2845 6551
2846 609
2847 103
2848 6453
2849 475
2850 2146
2851 4611
2852 4417
2853 3744
2854 8853
2855 5463
2856 1053
2857 2359
2858 6429
2859 2216
2860 4830
2861 481
2862 41
2863 8049
2864 8563
2865 1853
2866 6614
2867 7147
2868 932
2869 8392
2870 1818
2871 3172
2872 3440
2873 2244
2874 7686
2875 1387
2876 5838
2877 2331
2878 8886
2879 5015
2880 6535
2881 8343
2882 639
2883 8556
2884 5813
2885 486
2886 4961
2887 6308
2888 5657
2889 4140
2890 1760
2891 8204
2892 5924
2893 3506
2894 60
2895 5047
2896 2243
2897 4138
2898 1447
2899 2553
2900 3508
2901 4210
2902 6586
2903 7601
2904 4048
2905 557
2906 7094
2907 5042
2908 505
2909 5452
2910 6843
2911 5213
2912 5589
2913 6385
2914 4084
2915 2406
2916 2238
2917 8427
2918 5471
2919 713
2920 936
2921 5941
2922 757
2923 1707
2924 7626
2925 4630
2926 1564
2927 3604
2928 4239
2929 8174
2930 4258
2931 6216
2932 2792
2933 6584
2934 6164
2935 2214
2936 5443
2937 1385
2938 6514
2939 6919
2940 1476
2941 3013
2942 7877
2943 3164
2944 4727
2945 7836
2946 1855
2947 1780
2948 5812
2949 8423
2950 6286
2951 5749
2952 6825
2953 2538
2954 2711
2955 2926
2956 8760
2957 616
2958 1986
2959 2784
2960 4000
2961 2031
2962 4755
2963 2481
2964 4270
2965 4973
2966 6500
2967 2726
2968 6553
2969 101
2970 5246
2971 1642
2972 7475
2973 2251
2974 4418
2975 7572
2976 6405
2977 7192
2978 2551
2979 890
2980 5699
2981 6901
2982 4263
2983 5944
2984 173
2985 3853
2986 8823
2987 587
2988 7673
2989 8477
2990 4720
2991 6563
2992 653
2993 1537
2994 5322
2995 654
2996 7732
2997 360
2998 2075
2999 7296
3000 34
3001 4178
3002 3565
3003 4032
3004 3406
3005 2302
3006 2240
3007 3081
3008 666
3009 6845
3010 2903
3011 7091
3012 2459
3013 1365
3014 2714
3015 6822
3016 4010
3017 7122
3018 8681
3019 7530
3020 1137
3021 5217
3022 4718
3023 3136
3024 1251
3025 7024
3026 2175
3027 6177
3028 8187
3029 4671
3030 414
3031 1720
3032 6689
3033 5391
3034 876
3035 5232
3036 1390
3037 868
3038 4858
3039 132
3040 3373
3041 7976
3042 8488
3043 2396
3044 3752
3045 5466
3046 3607
3047 668
3048 6749
3049 8864
3050 7121
3051 6141
3052 6861
3053 1407
3054 5402
3055 8677
3056 2275
3057 2278
3058 1892
3059 7711
3060 5716
3061 1098
3062 1020
3063 3207
3064 2960
3065 952
3066 4946
3067 1830
3068 3786
3069 363
3070 718
3071 5763
3072 2312
3073 5632
3074 3007
3075 8346
3076 1454
3077 5224
3078 5731
3079 8285
3080 5750
3081 5056
3082 1016
3083 4928
3084 2541
3085 887
3086 2315
3087 3102
3088 6663
3089 5481
3090 6020
3091 6915
3092 8137
3093 5231
3094 1600
3095 586
3096 255
3097 7666
3098 8813
3099 4697
3100 793
3101 3837
3102 1227
3103 3426
3104 8410
3105 5116
3106 6423
3107 5182
3108 1592
3109 808
3110 6762
3111 2996
3112 5367
3113 8359
3114 2755
3115 1817
3116 2280
3117 520
3118 568
3119 7319
3120 2536
3121 3294
3122 2369
3123 1517
3124 6706
3125 3698
3126 4229
3127 27
3128 4809
3129 1496
3130 2370
3131 6934
3132 170
3133 3546
3134 1111
3135 7980
3136 220
3137 1941
3138 6607
3139 990
3140 8659
3141 7267
3142 5674
3143 3094
3144 4750
3145 1573
3146 7249
3147 2985
3148 841
3149 5611
3150 7856
3151 7578
3152 5587
3153 7849
3154 3272
3155 1066
3156 5306
3157 6019
3158 708
3159 4009
3160 6960
3161 8420
3162 764
3163 5266
3164 5691
3165 2694
3166 5032
3167 7846
3168 4812
3169 3562
3170 1309
3171 7002
3172 6712
3173 5775
3174 3222
3175 8377
3176 6182
3177 4340
3178 31
3179 7593
3180 847
3181 5675
3182 1467
3183 5058
3184 7171
3185 6106
3186 2227
3187 4366
3188 6030
3189 777
3190 8010
3191 7015
3192 637
3193 951
3194 2838
3195 2974
3196 99
3197 3592
3198 6501
3199 7040
3200 8888
3201 242
3202 8905
3203 2898
3204 4564
3205 900
3206 5668
3207 4901
3208 683
3209 2485
3210 3295
3211 4367
3212 1500
3213 2113
3214 5608
3215 4678
3216 8437
3217 6487
3218 8335
3219 4784
3220 2884
3221 4470
3222 5404
3223 752
3224 19
3225 3992
3226 8400
3227 4711
3228 1724
3229 2010
3230 1052
3231 8794
3232 2959
3233 6022
3234 3030
3235 4390
3236 7638
3237 2026
3238 8751
3239 8742
3240 937
3241 2271
3242 4285
3243 6067
3244 1482
3245 2666
3246 597
3247 4879
3248 1796
3249 2079
3250 2596
3251 6444
3252 29
3253 8843
3254 3847
3255 2197
3256 4180
3257 5165
3258 2683
3259 4459
3260 2346
3261 7649
3262 2090
3263 2085
3264 1931
3265 3794
3266 6391
3267 3989
3268 6601
3269 6374
3270 1561
3271 3681
3272 7582
3273 1910
3274 464
3275 6149
3276 8158
3277 120
3278 551
3279 1800
3280 7137
3281 8833
3282 3691
3283 4729
3284 8222
3285 8896
3286 8353
3287 375
3288 7609
3289 5900
3290 1497
3291 8712
3292 7050
3293 8781
3294 1868
3295 6622
3296 5341
3297 8283
3298 5456
3299 98
3300 5661
3301 6322
3302 2263
3303 5576
3304 4906
3305 5193
3306 1126
3307 5534
3308 2504
3309 914
3310 6604
3311 8290
3312 6664
3313 5844
3314 1463
3315 1159
3316 393
3317 1858
3318 3934
3319 5021
3320 2817
3321 7553
3322 7391
3323 8037
3324 4100
3325 7055
3326 2223
3327 1094
3328 2879
3329 5012
3330 1640
3331 5563
3332 4005
3333 2391
3334 2625
3335 6153
3336 8837
3337 7412
3338 7008
3339 5915
3340 7373
3341 2425
3342 4371
3343 945
3344 858
3345 5978
3346 4636
3347 8198
3348 8716
3349 8301
3350 3285
3351 2492
3352 2101
3353 7967
3354 8038
3355 5366
3356 5354
3357 744
3358 5448
3359 2123
3360 3572
3361 138
3362 4411
3363 4430
3364 4873
3365 2603
3366 249
3367 6350
3368 6538
3369 3276
3370 5178
3371 7449
3372 4514
3373 7081
3374 8005
3375 2554
3376 6589
3377 402
3378 6544
3379 8468
3380 6753
3381 8399
3382 4333
3383 2226
3384 7504
3385 433
3386 8743
3387 1087
3388 4386
3389 1621
3390 1147
3391 3994
3392 7313
3393 2008
3394 3573
3395 1129
3396 4067
3397 3135
3398 7779
3399 7809
3400 8081
3401 3018
3402 5203
3403 345
3404 5361
3405 7110
3406 5424
3407 3594
3408 5432
3409 2928
3410 6807
3411 5346
3412 8175
3413 2503
3414 3770
3415 5150
3416 2468
3417 7462
3418 3364
3419 7464
3420 1166
3421 5302
3422 4993
3423 2768
3424 5007
3425 3120
3426 7080
3427 4506
3428 5444
3429 2993
3430 2646
3431 346
3432 4261
3433 8847
3434 6693
3435 3315
3436 3561
3437 5180
3438 4494
3439 7145
3440 7503
3441 1608
3442 2793
3443 1095
3444 7338
3445 7100
3446 6806
3447 7639
3448 570
3449 6692
3450 2330
3451 278
3452 5185
3453 3287
3454 2497
3455 7740
3456 4756
3457 3628
3458 6902
3459 28
3460 3683
3461 1821
3462 5018
3463 7386
3464 1110
3465 74
3466 5767
3467 5303
3468 6371
3469 301
3470 6889
3471 8738
3472 1351
3473 5861
3474 8757
3475 2185
3476 6854
3477 1029
3478 5311
3479 6241
3480 2653
3481 8084
3482 3184
3483 1987
3484 8697
3485 5029
3486 5646
3487 1569
3488 2421
3489 2877
3490 7860
3491 1686
3492 7033
3493 6744
3494 2397
3495 2133
3496 7014
3497 5274
3498 3514
3499 6044
3500 2708
3501 2893
3502 3555
3503 1513
3504 8355
3505 6959
3506 2294
3507 5713
3508 606
3509 6414
3510 7735
3511 3080
3512 1805
3513 885
3514 7001
3515 824
3516 8590
3517 269
3518 3985
3519 2782
3520 4533
3521 3632
3522 1360
3523 7590
3524 1338
3525 2759
3526 2516
3527 2672
3528 4057
3529 7074
3530 3423
3531 826
3532 1157
3533 3173
3534 8432
3535 4131
3536 3112
3537 8729
3538 6914
3539 785
3540 5071
3541 3606
3542 8236
3543 8286
3544 1520
3545 335
3546 1758
3547 8414
3548 1937
3549 5965
3550 8050
3551 6988
3552 1725
3553 7702
3554 6617
3555 8528
3556 1675
3557 4395
3558 8325
3559 2916
3560 5291
3561 4530
3562 8654
3563 1442
3564 3023
3565 2329
3566 6416
3567 2200
3568 7571
3569 5814
3570 3412
3571 5352
3572 7808
3573 5901
3574 8624
3575 1312
3576 6278
3577 5507
3578 2192
3579 8336
3580 8032
3581 3324
3582 3827
3583 7865
3584 667
3585 7151
3586 2951
3587 8304
3588 1490
3589 8332
3590 4922
3591 3542
3592 267
3593 5124
3594 6213
3595 4466
3596 3190
3597 1778
3598 8486
3599 1418
3600 1124
3601 4112
3602 4487
3603 7341
3604 2846
3605 2012
3606 8211
3607 2601
3608 7427
3609 6397
3610 5735
3611 3264
3612 7417
3613 6462
3614 8319
3615 7544
3616 3077
3617 474
3618 8557
3619 71
3620 2673
3621 4440
3622 8358
3623 8138
3624 5989
3625 2417
3626 6930
3627 6703
3628 4813
3629 1715
3630 8017
3631 1811
3632 8386
3633 6504
3634 5948
3635 8417
3636 4355
3637 7773
3638 2987
3639 3223
3640 3299
3641 8821
3642 8192
3643 2458
3644 4350
3645 5295
3646 8227
3647 4810
3648 3459
3649 5488
3650 2443
3651 1477
3652 8106
3653 5441
3654 7696
3655 7344
3656 6994
3657 3258
3658 210
3659 755
3660 1647
3661 3982
3662 1709
3663 3008
3664 6169
3665 8805
3666 4804
3667 4426
3668 5575
3669 7411
3670 4135
3671 6872
3672 3321
3673 7157
3674 7312
3675 3279
3676 7834
3677 1994
3678 5131
3679 642
3680 6990
3681 972
3682 8658
3683 3478
3684 6463
3685 308
3686 8734
3687 8021
3688 4748
3689 8865
3690 7376
3691 1593
3692 4018
3693 5686
3694 1552
3695 4183
3696 8685
3697 7760
3698 1577
3699 6697
3700 2045
3701 8663
3702 5770
3703 1631
3704 6211
3705 2130
3706 3432
3707 4192
3708 2530
3709 3684
3710 7586
3711 6534
3712 2009
3713 1976
3714 7488
3715 6728
3716 1562
3717 8455
3718 7392
3719 4562
3720 128
3721 4541
3722 149
3723 4195
3724 741
3725 3352
3726 7896
3727 3275
3728 6220
3729 6975
3730 3485
3731 6523
3732 6655
3733 8396
3734 1017
3735 8350
3736 6228
3737 5139
3738 2630
3739 4709
3740 4869
3741 1501
3742 3043
3743 5198
3744 5581
3745 6921
3746 1152
3747 4151
3748 5975
3749 849
3750 3582
3751 6746
3752 8710
3753 7212
3754 2707
3755 716
3756 6277
3757 7073
3758 3856
3759 2142
3760 5234
3761 7168
3762 3313
3763 4196
3764 2685
3765 1743
3766 1748
3767 8006
3768 6923
3769 677
3770 1956
3771 4173
3772 3996
3773 7780
3774 2484
3775 6392
3776 3950
3777 8520
3778 7668
3779 3379
3780 6096
3781 8696
3782 2256
3783 3844
3784 6262
3785 3835
3786 1001
3787 2984
3788 4222
3789 965
3790 5421
3791 1771
3792 3381
3793 3066
3794 5530
3795 1877
3796 8867
3797 5695
3798 1311
3799 5769
3800 473
3801 203
3802 7727
3803 7300
3804 1960
3805 4114
3806 305
3807 3247
3808 7022
3809 8596
3810 353
3811 3756
3812 7093
3813 5784
3814 4141
3815 5518
3816 8555
3817 4797
3818 2160
3819 3333
3820 4385
3821 2896
3822 7098
3823 4574
3824 6461
3825 5987
3826 5286
3827 1067
3828 1717
3829 5776
3830 859
3831 2605
3832 8554
3833 7253
3834 2066
3835 3819
3836 8102
3837 2019
3838 3731
3839 8678
3840 5805
3841 4852
3842 1694
3843 4935
3844 5117
3845 8063
3846 7916
3847 347
3848 6721
3849 7922
3850 731
3851 1261
3852 5960
3853 1701
3854 3913
3855 2049
3856 3065
3857 3293
3858 7678
3859 8238
3860 5931
3861 1464
3862 268
3863 2451
3864 5631
3865 7736
3866 4217
3867 1793
3868 2352
3869 3748
3870 2230
3871 3792
3872 6907
3873 5835
3874 5449
3875 640
3876 7500
3877 4831
3878 4694
3879 3960
3880 7802
3881 4397
3882 8588
3883 8772
3884 5665
3885 2874
3886 7694
3887 2140
3888 3834
3889 1325
3890 2394
3891 2289
3892 6393
3893 3424
3894 2953
3895 330
3896 3398
3897 2321
3898 607
3899 6596
3900 6452
3901 1726
3902 4415
3903 5863
3904 3759
3905 2432
3906 3165
3907 1435
3908 4320
3909 6899
3910 7047
3911 8561
3912 3761
3913 6646
3914 5236
3915 1693
3916 6380
3917 1233
3918 6896
3919 8383
3920 964
3921 6034
3922 7986
3923 5808
3924 1203
3925 1857
3926 5410
3927 5420
3928 7244
3929 1775
3930 5740
3931 4672
3932 316
3933 5009
3934 6232
3935 4493
3936 181
3937 2728
3938 3051
3939 7436
3940 1881
3941 3231
3942 129
3943 558
3944 4613
3945 6427
3946 2260
3947 5380
3948 7353
3949 5149
3950 971
3951 2528
3952 3466
3953 7027
3954 4698
3955 6738
3956 4184
3957 6910
3958 1951
3959 3057
3960 8275
3961 7847
3962 2011
3963 5649
3964 827
3965 6661
3966 3850
3967 6540
3968 6319
3969 327
3970 4762
3971 2366
3972 2233
3973 6954
3974 4031
3975 1907
3976 5196
3977 253
3978 7721
3979 208
3980 5896
3981 3281
3982 8381
3983 7683
3984 929
3985 2096
3986 1673
3987 3504
3988 4115
3989 7708
3990 1038
3991 1064
3992 2512
3993 5228
3994 5204
3995 371
3996 2578
3997 2097
3998 3703
3999 786
4000 7771
4001 5013
4002 2292
4003 1992
4004 2949
4005 4406
4006 8320
4007 4980
4008 6961
4009 2199
4010 7506
4011 7064
4012 3140
4013 2602
4014 1912
4015 3889
4016 5981
4017 7400
4018 7776
4019 7006
4020 6123
4021 5535
4022 7746
4023 1801
4024 3895
4025 2678
4026 4722
4027 94
4028 5105
4029 5313
4030 1120
4031 4825
4032 948
4033 5962
4034 1923
4035 8186
4036 2720
4037 8855
4038 2945
4039 8736
4040 5072
4041 167
4042 7405
4043 692
4044 2501
4045 562
4046 2647
4047 3438
4048 1030
4049 4904
4050 6009
4051 8616
4052 5640
4053 4815
4054 383
4055 4449
4056 6629
4057 3813
4058 2409
4059 8706
4060 4576
4061 7402
4062 8080
4063 5766
4064 4070
4065 7929
4066 7070
4067 8271
4068 2815
4069 6707
4070 7160
4071 3498
4072 3778
4073 6683
4074 5370
4075 1913
4076 3316
4077 6941
4078 5120
4079 4745
4080 6674
4081 5937
4082 7387
4083 7632
4084 7872
4085 7442
4086 1209
4087 704
4088 4132
4089 2167
4090 4211
4091 7270
4092 1480
4093 8226
4094 1625
4095 2779
4096 6836
4097 6248
4098 3589
4099 4842
4100 6202
4101 4289
4102 8646
4103 4943
4104 3529
4105 1061
4106 1415
4107 6355
4108 3050
4109 4703
4110 1984
4111 4728
4112 1944
4113 395
4114 8039
4115 213
4116 1449
4117 5262
4118 3067
4119 5928
4120 5715
4121 1568
4122 5985
4123 889
4124 4967
4125 8071
4126 4791
4127 7366
4128 6016
4129 437
4130 1618
4131 2087
4132 1031
4133 7839
4134 8526
4135 5487
4136 80
4137 747
4138 1310
4139 7931
4140 6694
4141 3117
4142 4275
4143 5141
4144 3100
4145 7647
4146 721
4147 8671
4148 3765
4149 996
4150 5669
4151 1033
4152 6866
4153 4405
4154 7011
4155 7996
4156 5255
4157 7288
4158 7051
4159 4298
4160 1294
4161 5929
4162 7851
4163 5683
4164 3148
4165 6527
4166 5063
4167 3987
4168 8278
4169 3306
4170 8511
4171 2141
4172 8045
4173 1503
4174 8093
4175 6790
4176 76
4177 6449
4178 2495
4179 3964
4180 3301
4181 8413
4182 4856
4183 8305
4184 3519
4185 8004
4186 7263
4187 4654
4188 561
4189 6793
4190 923
4191 6472
4192 3056
4193 5215
4194 8264
4195 4460
4196 8202
4197 6791
4198 2572
4199 7903
4200 5019
4201 2604
4202 7260
4203 3523
4204 5568
4205 553
4206 4785
4207 146
4208 3118
4209 1256
4210 5194
4211 1587
4212 6136
4213 4915
4214 1346
4215 2919
4216 3575
4217 8694
4218 942
4219 2531
4220 2231
4221 765
4222 6351
4223 18
4224 7777
4225 6032
4226 5845
4227 5153
4228 4319
4229 4971
4230 4555
4231 5592
4232 1903
4233 5265
4234 600
4235 4742
4236 4761
4237 1362
4238 6590
4239 2648
4240 1194
4241 1459
4242 7381
4243 4423
4244 912
4245 7654
4246 3319
4247 1395
4248 5454
4249 1431
4250 2196
4251 5017
4252 3035
4253 5904
4254 6868
4255 1838
4256 5281
4257 2179
4258 7534
4259 440
4260 3771
4261 4318
4262 161
4263 7790
4264 4219
4265 8182
4266 7728
4267 5276
4268 2561
4269 482
4270 221
4271 3239
4272 4887
4273 57
4274 3695
4275 5828
4276 2731
4277 6734
4278 8216
4279 3967
4280 3044
4281 286
4282 6050
4283 4510
4284 4504
4285 42
4286 6839
4287 8676
4288 6940
4289 7303
4290 227
4291 3849
4292 7962
4293 5658
4294 491
4295 5419
4296 7909
4297 2347
4298 410
4299 2025
4300 7354
4301 78
4302 1368
4303 7043
4304 1475
4305 4997
4306 1036
4307 3318
4308 6361
4309 8208
4310 5495
4311 7194
4312 1495
4313 5138
4314 2595
4315 3116
4316 8217
4317 5972
4318 3125
4319 2963
4320 3566
4321 2619
4322 8669
4323 4843
4324 4864
4325 2803
4326 4680
4327 2061
4328 2706
4329 7489
4330 532
4331 1345
4332 6987
4333 3059
4334 7753
4335 7744
4336 6935
4337 4983
4338 6927
4339 1786
4340 5064
4341 2042
4342 2165
4343 3735
4344 1755
4345 3465
4346 6938
4347 7066
4348 4176
4349 4774
4350 3815
4351 8061
4352 7650
4353 6860
4354 2228
4355 8124
4356 4610
4357 8153
4358 6559
4359 3667
4360 6172
4361 1188
4362 3129
4363 1244
4364 8882
4365 7416
4366 2249
4367 4063
4368 1133
4369 7042
4370 7419
4371 16
4372 5687
4373 4828
4374 8146
4375 6824
4376 352
4377 191
4378 4638
4379 699
4380 3365
4381 3006
4382 4189
4383 8613
4384 2709
4385 4794
4386 1741
4387 2181
4388 7363
4389 4472
4390 1598
4391 5552
4392 1062
4393 3990
4394 5323
4395 4568
4396 7689
4397 6183
4398 8401
4399 4599
4400 1219
4401 759
4402 8194
4403 6691
4404 2851
4405 670
4406 5946
4407 1436
4408 7871
4409 5864
4410 6192
4411 7428
4412 2002
4413 2303
4414 8013
4415 8019
4416 1650
4417 2336
4418 7285
4419 5847
4420 6684
4421 7389
4422 7184
4423 1510
4424 6702
4425 46
4426 8429
4427 7940
4428 892
4429 7829
4430 2730
4431 635
4432 5107
4433 6194
4434 2358
4435 2732
4436 435
4437 529
4438 1339
4439 3495
4440 4434
4441 1179
4442 8408
4443 1406
4444 3183
4445 4435
4446 8240
4447 610
4448 8793
4449 7268
4450 1419
4451 997
4452 8627
4453 791
4454 8296
4455 3139
4456 2410
4457 5993
4458 2616
4459 3820
4460 7304
4461 1953
4462 5950
4463 3938
4464 3787
4465 5704
4466 5351
4467 3369
4468 5175
4469 1123
4470 3205
4471 1359
4472 5630
4473 3384
4474 6769
4475 4432
4476 8027
4477 5599
4478 8434
4479 2264
4480 3713
4481 8573
4482 5237
4483 3619
4484 590
4485 2273
4486 1076
4487 2218
4488 1235
4489 3337
4490 958
4491 1783
4492 784
4493 1426
4494 5722
4495 7616
4496 7774
4497 4124
4498 58
4499 3968
4500 7125
4501 4473
4502 303
4503 2924
4504 8683
4505 8705
4506 5145
4507 5292
4508 6761
4509 3463
4510 7054
4511 7887
4512 2488
4513 519
4514 8807
4515 5659
4516 2074
4517 3000
4518 8303
4519 3901
4520 3948
4521 897
4522 5081
4523 4617
4524 369
4525 5040
4526 4704
4527 26
4528 1740
4529 3749
4530 6272
4531 530
4532 5621
4533 2950
4534 1550
4535 7191
4536 7706
4537 3802
4538 196
4539 2475
4540 4171
4541 2634
4542 2386
4543 4324
4544 6758
4545 4456
4546 1423
4547 701
4548 3925
4549 275
4550 1206
4551 373
4552 6027
4553 2840
4554 390
4555 6195
4556 5055
4557 6415
4558 1265
4559 1601
4560 6905
4561 2639
4562 5374
4563 1389
4564 8641
4565 995
4566 2978
4567 3747
4568 1898
4569 3060
4570 6340
4571 6045
4572 1249
4573 5823
4574 164
4575 1927
4576 1832
4577 8156
4578 1317
4579 4733
4580 2902
4581 4037
4582 1470
4583 8545
4584 5026
4585 1226
4586 4116
4587 2277
4588 2077
4589 1295
4590 6448
4591 5398
4592 4646
4593 6577
4594 2365
4595 8799
4596 2979
4597 8419
4598 1072
4599 2086
4600 3614
4601 4921
4602 7305
4603 2477
4604 3053
4605 804
4606 4674
4607 5210
4608 1275
4609 7007
4610 3181
4611 7183
4612 226
4613 1499
4614 1553
4615 3861
4616 3866
4617 7174
4618 6730
4619 7575
4620 7890
4621 6882
4622 4274
4623 7367
4624 3825
4625 8111
4626 5371
4627 5327
4628 2675
4629 7036
4630 1369
4631 6675
4632 8907
4633 5465
4634 6101
4635 4498
4636 563
4637 7396
4638 4979
4639 8274
4640 4860
4641 5250
4642 2547
4643 8784
4644 1262
4645 6532
4646 1660
4647 7069
4648 8
4649 2589
4650 5257
4651 1177
4652 4989
4653 4260
4654 7904
4655 7469
4656 3642
4657 5052
4658 5593
4659 1989
4660 3623
4661 6698
4662 3351
4663 2105
4664 8295
4665 8256
4666 6254
4667 193
4668 2900
4669 8041
4670 5908
4671 2224
4672 5172
4673 4731
4674 7938
4675 4909
4676 6911
4677 8284
4678 4078
4679 5539
4680 1260
4681 8834
4682 4723
4683 1078
4684 6082
4685 318
4686 3292
4687 3289
4688 2989
4689 1010
4690 662
4691 2848
4692 218
4693 2590
4694 8494
4695 443
4696 3875
4697 919
4698 7684
4699 4527
4700 4936
4701 3599
4702 6592
4703 8533
4704 6616
4705 7440
4706 4404
4707 758
4708 6284
4709 7281
4710 873
4711 2855
4712 7843
4713 7968
4714 2139
4715 2966
4716 1873
4717 7677
4718 7784
4719 7857
4720 166
4721 4859
4722 546
4723 3549
4724 2567
4725 6849
4726 3159
4727 3034
4728 1742
4729 1802
4730 1026
4731 5651
4732 5144
4733 6642
4734 7252
4735 1962
4736 2529
4737 5942
4738 5329
4739 5157
4740 5857
4741 2891
4742 8814
4743 8836
4744 2307
4745 6499
4746 7935
4747 1356
4748 1508
4749 6828
4750 3975
4751 5301
4752 2298
4753 4227
4754 1102
4755 1329
4756 2539
4757 4892
4758 1790
4759 2858
4760 6324
4761 801
4762 5936
4763 5223
4764 2296
4765 6012
4766 5245
4767 2637
4768 2520
4769 2259
4770 6562
4771 1184
4772 2991
4773 5529
4774 65
4775 5451
4776 1921
4777 5309
4778 3477
4779 6813
4780 8491
4781 503
4782 5038
4783 7651
4784 386
4785 1117
4786 1393
4787 3408
4788 8767
4789 803
4790 1119
4791 1959
4792 5996
4793 2506
4794 8594
4795 2938
4796 4917
4797 3446
4798 4705
4799 6433
4800 1639
4801 1807
4802 3883
4803 126
4804 3317
4805 1636
4806 7889
4807 7271
4808 8484
4809 1383
4810 2162
4811 7485
4812 6488
4813 4663
4814 3547
4815 1238
4816 4276
4817 5744
4818 5643
4819 4538
4820 1773
4821 947
4822 3376
4823 1792
4824 6421
4825 7056
4826 4044
4827 6884
4828 2288
4829 8482
4830 4769
4831 7880
4832 1974
4833 4475
4834 5922
4835 48
4836 4771
4837 1835
4838 3776
4839 5209
4840 5617
4841 5747
4842 4393
4843 3455
4844 2290
4845 3958
4846 2909
4847 5888
4848 5225
4849 7622
4850 710
4851 2795
4852 1228
4853 1799
4854 703
4855 5734
4856 7741
4857 5405
4858 8906
4859 7473
4860 3650
4861 4331
4862 104
4863 6348
4864 331
4865 4034
4866 2767
4867 3868
4868 4441
4869 1202
4870 7369
4871 5090
4872 8367
4873 4775
4874 8761
4875 5720
4876 1751
4877 7749
4878 2429
4879 2159
4880 8176
4881 5142
4882 4021
4883 2219
4884 241
4885 4650
4886 8181
4887 2236
4888 2234
4889 3629
4890 4695
4891 6354
4892 38
4893 3658
4894 7954
4895 384
4896 3743
4897 7124
4898 8040
4899 8105
4900 8643
4901 2796
4902 2403
4903 6138
4904 4790
4905 6631
4906 2811
4907 8902
4908 4277
4909 6154
4910 6560
4911 3919
4912 6547
4913 743
4914 4474
4915 2210
4916 6205
4917 1163
4918 1134
4919 6917
4920 7948
4921 3644
4922 2291
4923 7437
4924 1478
4925 428
4926 2947
4927 2308
4928 7444
4929 2493
4930 3863
4931 3212
4932 8072
4933 1042
4934 2631
4935 1301
4936 6949
4937 3993
4938 5375
4939 8722
4940 3182
4941 5909
4942 2543
4943 6821
4944 6925
4945 7123
4946 8869
4947 7420
4948 5542
4949 8745
4950 2518
4951 554
4952 4431
4953 4844
4954 1280
4955 3608
4956 5907
4957 2807
4958 3663
4959 292
4960 7432
4961 488
4962 5409
4963 4111
4964 8170
4965 1597
4966 1779
4967 869
4968 6120
4969 1074
4970 7248
4971 8205
4972 533
4973 3493
4974 8279
4975 7460
4976 2348
4977 3431
4978 3314
4979 2132
4980 2570
4981 2585
4982 8580
4983 916
4984 3141
4985 8307
4986 8327
4987 8789
4988 2880
4989 5850
4990 3554
4991 8058
4992 6548
4993 5143
4994 403
4995 1895
4996 5664
4997 3961
4998 4640
4999 5101
5000 426
5001 5111
5002 4004
5003 5340
5004 4759
5005 1770
5006 160
5007 8819
5008 3414
5009 1519
5010 5393
5011 6512
5012 3908
5013 7397
5014 2588
5015 7869
5016 4027
5017 8727
5018 4295
5019 3096
5020 6524
5021 1909
5022 4814
5023 5235
5024 231
5025 1668
5026 846
5027 289
5028 4796
5029 8687
5030 6968
5031 5919
5032 406
5033 5347
5034 6605
5035 687
5036 4629
5037 7910
5038 510
5039 886
5040 5006
5041 67
5042 1702
5043 5034
5044 5613
5045 3943
5046 7113
5047 2120
5048 4152
5049 7806
5050 4238
5051 442
5052 5682
5053 4129
5054 3726
5055 7368
5056 2439
5057 5679
5058 8411
5059 6982
5060 6948
5061 3157
5062 84
5063 1370
5064 6732
5065 5580
5066 3468
5067 2592
5068 3022
5069 7200
5070 7009
5071 8130
5072 7818
5073 7712
5074 5895
5075 3855
5076 3949
5077 928
5078 3750
5079 6137
5080 8338
5081 2220
5082 8109
5083 1298
5084 6922
5085 2645
5086 3774
5087 3898
5088 693
5089 1670
5090 8100
5091 3015
5092 4597
5093 5953
5094 1148
5095 730
5096 7505
5097 3290
5098 7942
5099 4315
5100 3355
5101 8700
5102 7264
5103 6879
5104 1883
5105 3520
5106 6425
5107 3470
5108 412
5109 613
5110 89
5111 594
5112 2982
5113 8448
5114 1729
5115 3203
5116 7874
5117 8440
5118 4476
5119 593
5120 500
5121 7231
5122 3063
5123 2422
5124 6098
5125 2609
5126 3830
5127 8608
5128 7256
5129 7725
5130 199
5131 7207
5132 7314
5133 326
5134 4999
5135 7197
5136 8497
5137 6175
5138 3383
5139 8674
5140 4776
5141 4977
5142 3095
5143 681
5144 1150
5145 2006
5146 2773
5147 8142
5148 1216
5149 3904
5150 4412
5151 663
5152 4316
5153 7542
5154 6980
5155 5757
5156 7750
5157 3271
5158 717
5159 7258
5160 1366
5161 4251
5162 8652
5163 1140
5164 6408
5165 3790
5166 2521
5167 3577
5168 7049
5169 5330
5170 7004
5171 5569
5172 5846
5173 2735
5174 6525
5175 5502
5176 1399
5177 6267
5178 2203
5179 3240
5180 1606
5181 6243
5182 198
5183 2544
5184 7876
5185 2062
5186 1744
5187 6842
5188 2258
5189 8698
5190 4235
5191 511
5192 8544
5193 6892
5194 313
5195 4119
5196 7581
5197 7953
5198 8859
5199 8803
5200 6173
5201 2030
5202 2532
5203 4765
5204 5782
5205 1848
5206 245
5207 3870
5208 2526
5209 1908
5210 3970
5211 4947
5212 571
5213 4569
5214 8183
5215 832
5216 8829
5217 8593
5218 5212
5219 6291
5220 3867
5221 8053
5222 861
5223 8740
5224 6160
5225 4767
5226 8190
5227 5977
5228 3387
5229 7921
5230 4696
5231 1487
5232 6165
5233 8775
5234 8166
5235 6087
5236 6247
5237 6827
5238 3540
5239 973
5240 7032
5241 5406
5242 1191
5243 4420
5244 4378
5245 2376
5246 4484
5247 2378
5248 1781
5249 1433
5250 2662
5251 1579
5252 1915
5253 30
5254 8293
5255 7752
5256 4550
5257 5603
5258 6184
5259 8648
5260 8219
5261 1938
5262 304
5263 2857
5264 5489
5265 6028
5266 8568
5267 7169
5268 4218
5269 4799
5270 3037
5271 8329
5272 3268
5273 6906
5274 7930
5275 2785
5276 4532
5277 2710
5278 3253
5279 3576
5280 4446
5281 5676
5282 2523
5283 6312
5284 5254
5285 297
5286 8193
5287 8735
5288 2161
5289 5545
5290 6040
5291 7524
5292 8577
5293 3180
5294 8373
5295 2958
5296 6886
5297 8618
5298 2412
5299 5294
5300 8120
5301 925
5302 7189
5303 7201
5304 5119
5305 5584
5306 1455
5307 806
5308 7251
5309 852
5310 262
5311 5253
5312 7918
5313 6669
5314 3270
5315 3590
5316 1880
5317 5653
5318 7698
5319 446
5320 3717
5321 3311
5322 5926
5323 7778
5324 994
5325 1767
5326 881
5327 1936
5328 6526
5329 1867
5330 576
5331 8149
5332 7932
5333 6853
5334 4937
5335 1327
5336 4006
5337 8179
5338 4652
5339 8212
5340 5315
5341 6783
5342 7984
5343 917
5344 2098
5345 3328
5346 2786
5347 5321
5348 7565
5349 538
5350 5870
5351 6198
5352 8884
5353 5666
5354 867
5355 8366
5356 2615
5357 2654
5358 7295
5359 7188
5360 5810
5361 4894
5362 4546
5363 5412
5364 2573
5365 3014
5366 134
5367 306
5368 4753
5369 323
5370 4637
5371 7111
5372 6246
5373 1854
5374 4600
5375 6053
5376 3840
5377 2680
5378 3518
5379 7591
5380 6513
5381 6557
5382 7928
5383 8197
5384 5876
5385 5067
5386 7451
5387 4445
5388 5533
5389 4938
5390 7993
5391 100
5392 7975
5393 6543
5394 7672
5395 329
5396 1084
5397 5932
5398 3123
5399 4918
5400 3443
5401 1457
5402 8505
5403 509
5404 2155
5405 4558
5406 5511
5407 6026
5408 656
5409 6705
5410 649
5411 1718
5412 6788
5413 2093
5414 5719
5415 5514
5416 5832
5417 6983
5418 6635
5419 6844
5420 5031
5421 4368
5422 1925
5423 6326
5424 8446
5425 1290
5426 4308
5427 7276
5428 4053
5429 6460
5430 4854
5431 6676
5432 7797
5433 1412
5434 7898
5435 6274
5436 1388
5437 5998
5438 7237
5439 1300
5440 2483
5441 494
5442 3327
5443 5310
5444 4712
5445 6900
5446 5594
5447 5077
5448 8503
5449 6446
5450 1358
5451 909
5452 3654
5453 299
5454 8498
5455 4833
5456 2699
5457 8897
5458 2014
5459 8474
5460 920
5461 566
5462 471
5463 6618
5464 8827
5465 8024
5466 8139
5467 4001
5468 6128
5469 6859
5470 2457
5471 5269
5472 4649
5473 4291
5474 956
5475 2107
5476 6117
5477 5268
5478 4706
5479 5600
5480 4257
5481 2041
5482 1917
5483 5843
5484 7284
5485 5586
5486 513
5487 4284
5488 1545
5489 8443
5490 4878
5491 2198
5492 7254
5493 2183
5494 8708
5495 1690
5496 6256
5497 1486
5498 15
5499 5300
5500 2676
5501 4627
5502 7814
5503 2080
5504 6873
5505 4995
5506 3939
5507 4598
5508 2542
5509 4647
5510 8519
5511 434
5512 6904
5513 7158
5514 8438
5515 171
5516 3357
5517 3798
5518 8592
5519 3312
5520 624
5521 4676
5522 7570
5523 157
5524 8610
5525 4427
5526 1322
5527 8604
5528 4639
5529 807
5530 4687
5531 8480
5532 3796
5533 4941
5534 2935
5535 7594
5536 2239
5537 4940
5538 8362
5539 3217
5540 3105
5541 2889
5542 8077
5543 3422
5544 2659
5545 822
5546 5634
5547 4231
5548 8731
5549 7235
5550 211
5551 2721
5552 3185
5553 6317
5554 2613
5555 4994
5556 7783
5557 6727
5558 5000
5559 1666
5560 3612
5561 2463
5562 7362
5563 5628
5564 61
5565 8436
5566 6581
5567 2281
5568 6766
5569 6510
5570 6056
5571 8470
5572 6701
5573 6431
5574 4480
5575 2908
5576 3228
5577 8042
5578 4389
5579 6929
5580 4442
5581 4164
5582 3876
5583 918
5584 122
5585 8602
5586 1154
5587 2068
5588 6378
5589 4524
5590 5328
5591 6454
5592 5927
5593 575
5594 6094
5595 1950
5596 4902
5597 6748
5598 7576
5599 4714
5600 3086
5601 3763
5602 1376
5603 2565
5604 1772
5605 2842
5606 1286
5607 1928
5608 5128
5609 753
5610 6606
5611 2404
5612 145
5613 6200
5614 5070
5615 3479
5616 7881
5617 1049
5618 7170
5619 6723
5620 5459
5621 8808
5622 8117
5623 4982
5624 7592
5625 5997
5626 2157
5627 5490
5628 7044
5629 8435
5630 3492
5631 729
5632 8877
5633 8104
5634 1899
5635 8866
5636 4969
5637 5662
5638 3005
5639 328
5640 116
5641 5045
5642 3411
5643 7620
5644 2071
5645 7104
5646 4155
5647 810
5648 6967
5649 7726
5650 421
5651 351
5652 2021
5653 8632
5654 3564
5655 1788
5656 6649
5657 6417
5658 4125
5659 5648
5660 2040
5661 5160
5662 6799
5663 8719
5664 3436
5665 8433
5666 5809
5667 3323
5668 4549
5669 3378
5670 4338
5671 1122
5672 5468
5673 257
5674 1161
5675 6114
5676 3444
5677 4651
5678 1008
5679 8044
5680 342
5681 8056
5682 5742
5683 7298
5684 5355
5685 3609
5686 7657
5687 5086
5688 398
5689 6110
5690 2024
5691 2614
5692 685
5693 8600
5694 3699
5695 550
5696 6657
5697 8115
5698 6519
5699 3342
5700 72
5701 4165
5702 1146
5703 8369
5704 3620
5705 853
5706 8029
5707 926
5708 3571
5709 2247
5710 5333
5711 6521
5712 6166
5713 1882
5714 2691
5715 8566
5716 1484
5717 5501
5718 877
5719 7653
5720 2453
5721 7223
5722 7688
5723 7517
5724 1706
5725 3036
5726 1318
5727 4575
5728 5205
5729 817
5730 1438
5731 8291
5732 1697
5733 1763
5734 4352
5735 5771
5736 1582
5737 3046
5738 4101
5739 13
5740 1963
5741 3360
5742 3941
5743 6251
5744 6210
5745 6437
5746 4781
5747 7569
5748 707
5749 7345
5750 3905
5751 2644
5752 6633
5753 8647
5754 135
5755 392
5756 1046
5757 1011
5758 5741
5759 3220
5760 1730
5761 1013
5762 3615
5763 655
5764 8407
5765 4764
5766 8000
5767 5037
5768 45
5769 1032
5770 2778
5771 5171
5772 8766
5773 3082
5774 7280
5775 6913
5776 4628
5777 4616
5778 6362
5779 6585
5780 4577
5781 7179
5782 6679
5783 3954
5784 2082
5785 2907
5786 5739
5787 3430
5788 4757
5789 2078
5790 6870
5791 3754
5792 1212
5793 7697
5794 8416
5795 294
5796 2156
5797 588
5798 3980
5799 2363
5800 7640
5801 8085
5802 2540
5803 4269
5804 4561
5805 2797
5806 4361
5807 3350
5808 6650
5809 1541
5810 5579
5811 4169
5812 5121
5813 1754
5814 5014
5815 5214
5816 8068
5817 7798
5818 7494
5819 4085
5820 1558
5821 3753
5822 3416
5823 1427
5824 605
5825 7486
5826 7913
5827 127
5828 1285
5829 7230
5830 7999
5831 7357
5832 2747
5833 7030
5834 8412
5835 6491
5836 107
5837 2697
5838 8887
5839 5547
5840 6196
5841 8585
5842 5797
5843 5751
5844 35
5845 4992
5846 980
5847 1617
5848 4179
5849 3163
5850 4314
5851 7820
5852 3366
5853 3340
5854 5261
5855 3940
5856 8672
5857 7853
5858 7331
5859 6126
5860 8214
5861 5023
5862 1413
5863 6539
5864 7528
5865 5512
5866 1170
5867 6129
5868 2496
5869 5298
5870 6787
5871 8439
5872 6456
5873 1189
5874 2819
5875 4931
5876 1516
5877 380
5878 7748
5879 8011
5880 4691
5881 25
5882 4708
5883 2246
5884 7028
5885 6771
5886 5247
5887 7378
5888 1320
5889 6981
5890 7525
5891 4137
5892 6490
5893 8565
5894 6013
5895 6477
5896 6928
5897 7144
5898 4690
5899 2036
5900 3503
5901 665
5902 6752
5903 8143
5904 1554
5905 5778
5906 7533
5907 5566
5908 4950
5909 8097
5910 3362
5911 6402
5912 1416
5913 4102
5914 2326
5915 3336
5916 2399
5917 4932
5918 2895
5919 2555
5920 6339
5921 7493
5922 3714
5923 7679
5924 1864
5925 5146
5926 8255
5927 3216
5928 5519
5929 284
5930 1833
5931 3386
5932 1197
5933 921
5934 4660
5935 6358
5936 3331
5937 1970
5938 1444
5939 5423
5940 3016
5941 6305
5942 7875
5943 5768
5944 5436
5945 6121
5946 4553
5947 5602
5948 6989
5949 2060
5950 8014
5951 3977
5952 7646
5953 1975
5954 8549
5955 5973
5956 4990
5957 3758
5958 6418
5959 4507
5960 6142
5961 1000
5962 1839
5963 3291
5964 696
5965 1823
5966 3639
5967 7724
5968 8472
5969 5793
5970 3221
5971 2169
5972 3363
5973 1041
5974 3544
5975 1813
5976 4751
5977 5349
5978 5795
5979 5485
5980 6245
5981 4478
5982 8798
5983 7087
5984 6342
5985 3119
5986 6316
5987 2692
5988 460
5989 7518
5990 1268
5991 6598
5992 4094
5993 1540
5994 1308
5995 8456
5996 3633
5997 2681
5998 3951
5999 8826
6000 2207
6001 365
6002 2740
6003 7118
6004 4096
6005 4201
6006 7120
6007 7156
6008 5597
6009 3527
6010 7398
6011 3004
6012 3329
6013 4307
6014 5093
6015 7310
6016 7213
6017 5278
6018 6280
6019 7548
6020 3196
6021 3660
6022 4588
6023 872
6024 1210
6025 496
6026 5263
6027 4255
6028 6666
6029 7430
6030 4526
6031 2882
6032 8064
6033 4665
6034 5394
6035 537
6036 8316
6037 6294
6038 2722
6039 1151
6040 2918
6041 6864
6042 2508
6043 6081
6044 6303
6045 7717
6046 3886
6047 8062
6048 1182
6049 6057
6050 2509
6051 8083
6052 2344
6053 4944
6054 7598
6055 114
6056 831
6057 1386
6058 3682
6059 2956
6060 698
6061 4780
6062 1057
6063 6628
6064 6388
6065 6724
6066 3727
6067 1719
6068 7178
6069 8701
6070 1022
6071 1018
6072 4700
6073 6376
6074 6973
6075 5179
6076 7714
6077 8717
6078 1845
6079 185
6080 4618
6081 2575
6082 2124
6083 2446
6084 2830
6085 2490
6086 2988
6087 63
6088 2388
6089 3197
6090 6624
6091 1192
6092 8129
6093 5493
6094 5289
6095 4540
6096 6626
6097 4895
6098 6832
6099 569
6100 8036
6101 850
6102 4017
6103 5883
6104 3074
6105 6895
6106 4978
6107 627
6108 3402
6109 8165
6110 4572
6111 5479
6112 7382
6113 1906
6114 6795
6115 643
6116 4778
6117 5879
6118 6640
6119 6816
6120 3723
6121 8665
6122 1526
6123 8601
6124 7858
6125 108
6126 6352
6127 7772
6128 878
6129 4110
6130 8620
6131 4170
6132 7058
6133 633
6134 6580
6135 8365
6136 411
6137 4322
6138 2649
6139 3935
6140 8845
6141 811
6142 3031
6143 8464
6144 4349
6145 3248
6146 6894
6147 3200
6148 200
6149 2641
6150 4433
6151 4200
6152 5548
6153 2548
6154 3073
6155 4122
6156 5688
6157 7588
6158 4503
6159 4228
6160 3710
6161 2550
6162 4845
6163 8763
6164 602
6165 6546
6166 3348
6167 3777
6168 3728
6169 3433
6170 3924
6171 3339
6172 2856
6173 5287
6174 2461
6175 2635
6176 8567
6177 5760
6178 2334
6179 2316
6180 8509
6181 2969
6182 4356
6183 88
6184 3409
6185 7424
6186 5992
6187 2798
6188 5345
6189 2283
6190 409
6191 1844
6192 5020
6193 3516
6194 6648
6195 834
6196 7629
6197 2552
6198 1629
6199 987
6200 5307
6201 4876
6202 8009
6203 1394
6204 5702
6205 1384
6206 5544
6207 7245
6208 790
6209 6479
6210 1469
6211 3872
6212 4253
6213 1306
6214 1734
6215 4737
6216 6331
6217 8108
6218 7380
6219 6207
6220 3624
6221 4752
6222 4497
6223 6343
6224 4188
6225 5460
6226 988
6227 6888
6228 754
6229 7805
6230 5663
6231 7204
6232 6037
6233 2500
6234 4208
6235 8199
6236 8228
6237 4336
6238 4635
6239 3130
6240 1071
6241 8634
6242 517
6243 8066
6244 5582
6245 2718
6246 6767
6247 6595
6248 6710
6249 2473
6250 7365
6251 6108
6252 1304
6253 1005
6254 2383
6255 3648
6256 6541
6257 5417
6258 3545
6259 8030
6260 6370
6261 1099
6262 4868
6263 7994
6264 8404
6265 7767
6266 3617
6267 3739
6268 148
6269 6742
6270 905
6271 1993
6272 4036
6273 8326
6274 5001
6275 8136
6276 4926
6277 192
6278 144
6279 6470
6280 5095
6281 8667
6282 2961
6283 5174
6284 3878
6285 2839
6286 3785
6287 5958
6288 6158
6289 2266
6290 542
6291 4360
6292 3427
6293 6602
6294 6690
6295 4592
6296 8615
6297 5087
6298 8457
6299 6933
6300 3442
6301 672
6302 8550
6303 5556
6304 6265
6305 4241
6306 5824
6307 7763
6308 2284
6309 7660
6310 8825
6311 8051
6312 6201
6313 5308
6314 3525
6315 895
6316 6148
6317 2923
6318 310
6319 5407
6320 6576
6321 5099
6322 3437
6323 8560
6324 3460
6325 719
6326 6338
6327 1795
6328 6336
6329 5365
6330 4120
6331 8374
6332 3625
6333 1132
6334 854
6335 4148
6336 2749
6337 3397
6338 6223
6339 8375
6340 6063
6341 368
6342 5633
6343 8483
6344 3481
6345 6043
6346 6651
6347 6381
6348 1243
6349 6406
6350 1354
6351 1756
6352 4296
6353 3462
6354 814
6355 6518
6356 1896
6357 6073
6358 8113
6359 5959
6360 5605
6361 7407
6362 4606
6363 5344
6364 8741
6365 4181
6366 5170
6367 8748
6368 2669
6369 3569
6370 993
6371 7580
6372 3474
6373 6571
6374 7540
6375 8451
6376 6756
6377 7675
6378 4837
6379 6434
6380 6583
6381 6798
6382 733
6383 6014
6384 5004
6385 5994
6386 7599
6387 2674
6388 8127
6389 2745
6390 5525
6391 5697
6392 8347
6393 4913
6394 8398
6395 6573
6396 7852
6397 4746
6398 6042
6399 6225
6400 7076
6401 5779
6402 8090
6403 344
6404 3972
6405 5952
6406 4689
6407 4968
6408 1267
6409 6309
6410 7012
6411 2831
6412 8431
6413 3155
6414 1270
6415 2332
6416 1269
6417 8752
6418 2502
6419 2713
6420 2448
6421 1075
6422 4401
6423 3179
6424 664
6425 2033
6426 4154
6427 1204
6428 1677
6429 2952
6430 6591
6431 8015
6432 1687
6433 3513
6434 7109
6435 7075
6436 1213
6437 8218
6438 4590
6439 4050
6440 4193
6441 8597
6442 4339
6443 2821
6444 2328
6445 2825
6446 1698
6447 288
6448 3688
6449 864
6450 4684
6451 2600
6452 3635
6453 4379
6454 6190
6455 6302
6456 7025
6457 4348
6458 6422
6459 2333
6460 2968
6461 5654
6462 1952
6463 6999
6464 7266
6465 4045
6466 1674
6467 769
6468 2563
6469 118
6470 1277
6471 8733
6472 483
6473 1352
6474 2032
6475 630
6476 4163
6477 5549
6478 3392
6479 8012
6480 5478
6481 3946
6482 7885
6483 4402
6484 5938
6485 4108
6486 4029
6487 7991
6488 8241
6489 523
6490 3471
6491 5607
6492 8858
6493 1183
6494 6751
6495 3009
6496 3098
6497 1543
6498 5277
6499 1180
6500 5854
6501 4060
6502 6311
6503 8135
6504 737
6505 1324
6506 1307
6507 3111
6508 3881
6509 183
6510 4399
6511 6345
6512 4882
6513 4608
6514 7418
6515 7180
6516 2574
6517 967
6518 2313
6519 3027
6520 3047
6521 7299
6522 322
6523 2016
6524 7046
6525 6998
6526 4939
6527 6645
6528 756
6529 5885
6530 4288
6531 364
6532 1757
6533 93
6534 628
6535 2901
6536 1626
6537 723
6538 5818
6539 3626
6540 6401
6541 7452
6542 5348
6543 1978
6544 3689
6545 1263
6546 6382
6547 8619
6548 7600
6549 7327
6550 2899
6551 6713
6552 5220
6553 2304
6554 7038
6555 5898
6556 8732
6557 6952
6558 96
6559 441
6560 2111
6561 4177
6562 4489
6563 5911
6564 3738
6565 7625
6566 7567
6567 8282
6568 7687
6569 1229
6570 5918
6571 6588
6572 930
6573 4863
6574 457
6575 4795
6576 1428
6577 3126
6578 6390
6579 32
6580 7992
6581 2168
6582 3833
6583 8872
6584 1876
6585 1824
6586 3169
6587 4113
6588 540
6589 1349
6590 436
6591 4934
6592 2853
6593 4726
6594 582
6595 1367
6596 8485
6597 3346
6598 6244
6599 598
6600 7084
6601 7208
6602 8082
6603 6612
6604 439
6605 7693
6606 5256
6607 1594
6608 7216
6609 706
6610 7471
6611 1375
6612 1585
6613 5190
6614 1761
6615 2636
6616 2967
6617 2655
6618 1841
6619 2824
6620 5118
6621 8390
6622 85
6623 2677
6624 1420
6625 3491
6626 4656
6627 7733
6628 991
6629 8612
6630 5707
6631 1115
6632 626
6633 3213
6634 5522
6635 1144
6636 5048
6637 8337
6638 4699
6639 4593
6640 714
6641 3585
6642 4976
6643 4011
6644 6636
6645 106
6646 2904
6647 998
6648 4777
6649 7492
6650 3826
6651 1633
6652 7707
6653 1901
6654 1489
6655 7406
6656 6830
6657 7667
6658 4221
6659 2424
6660 3757
6661 5957
6662 7164
6663 3188
6664 287
6665 7099
6666 974
6667 2274
6668 1073
6669 4573
6670 8815
6671 2235
6672 4736
6673 2843
6674 6179
6675 2566
6676 3061
6677 8223
6678 1299
6679 7754
6680 4022
6681 6566
6682 1241
6683 6550
6684 8876
6685 2620
6686 3720
6687 3999
6688 1926
6689 5527
6690 564
6691 6979
6692 591
6693 5558
6694 7957
6695 1006
6696 2276
6697 8292
6698 7579
6699 2176
6700 8116
6701 3450
6702 6008
6703 445
6704 5044
6705 3160
6706 7602
6707 1080
6708 8792
6709 4851
6710 319
6711 6229
6712 3109
6713 2338
6714 1373
6715 6871
6716 7973
6717 8584
6718 3104
6719 3304
6720 6279
6721 8308
6722 7947
6723 2209
6724 5921
6725 6880
6726 2401
6727 7446
6728 5677
6729 4537
6730 8447
6731 431
6732 484
6733 6150
6734 6696
6735 7501
6736 2632
6737 3900
6738 6704
6739 6891
6740 2629
6741 6046
6742 7690
6743 3097
6744 4012
6745 2836
6746 1142
6747 6722
6748 874
6749 2606
6750 7959
6751 3675
6752 3737
6753 5923
6754 2262
6755 5385
6756 487
6757 5833
6758 7470
6759 3193
6760 4861
6761 5780
6762 4372
6763 5718
6764 222
6765 6204
6766 2999
6767 4381
6768 1607
6769 7768
6770 5577
6771 2664
6772 4620
6773 2297
6774 4658
6775 3937
6776 970
6777 1138
6778 4166
6779 7775
6780 3821
6781 237
6782 3956
6783 1803
6784 2852
6785 4734
6786 3874
6787 823
6788 8132
6789 3553
6790 3657
6791 261
6792 7316
6793 7228
6794 3421
6795 2593
6796 5399
6797 5326
6798 3603
6799 5974
6800 1525
6801 7023
6802 2776
6803 2775
6804 6834
6805 5159
6806 1287
6807 5363
6808 8525
6809 1378
6810 2253
6811 3278
6812 695
6813 2687
6814 7031
6815 2894
6816 8306
6817 7990
6818 1886
6819 3671
6820 2474
6821 4370
6822 1507
6823 2804
6824 7215
6825 6760
6826 2494
6827 5799
6828 1034
6829 2922
6830 6726
6831 691
6832 7766
6833 7439
6834 5848
6835 2689
6836 3404
6837 528
6838 7273
6839 355
6840 1293
6841 1999
6842 4621
6843 3147
6844 7394
6845 5140
6846 139
6847 1462
6848 6001
6849 8169
6850 6074
6851 8534
6852 2806
6853 5059
6854 7467
6855 5573
6856 40
6857 8444
6858 8645
6859 792
6860 5914
6861 1344
6862 8262
6863 4984
6864 783
6865 3567
6866 5521
6867 1044
6868 6699
6869 7897
6870 8074
6871 8310
6872 1662
6873 5678
6874 4408
6875 4903
6876 7561
6877 2995
6878 8475
6879 4933
6880 2067
6881 8189
6882 4209
6883 1980
6884 7906
6885 4025
6886 1977
6887 2351
6888 6815
6889 7292
6890 5319
6891 4282
6892 1949
6893 202
6894 4587
6895 4827
6896 7211
6897 4452
6898 8746
6899 2881
6900 2638
6901 3461
6902 5526
6903 3161
6904 8522
6905 7770
6906 4914
6907 8144
6908 6800
6909 2043
6910 2073
6911 2400
6912 1688
6913 6731
6914 1506
6915 6554
6916 7562
6917 2191
6918 5624
6919 195
6920 1145
6921 8361
6922 8842
6923 1185
6924 4410
6925 7468
6926 5470
6927 8152
6928 2054
6929 7422
6930 8070
6931 3780
6932 2772
6933 3286
6934 1604
6935 6076
6936 6193
6937 5482
6938 7059
6939 5758
6940 4237
6941 5724
6942 7526
6943 283
6944 7891
6945 1852
6946 6065
6947 6974
6948 6
6949 8257
6950 8206
6951 4998
6952 522
6953 5098
6954 3890
6955 4958
6956 3690
6957 4158
6958 5357
6959 4912
6960 2438
6961 3515
6962 5726
6963 5831
6964 8895
6965 4232
6966 3250
6967 5431
6968 5905
6969 4730
6970 4425
6971 3708
6972 2083
6973 6353
6974 4464
6975 7864
6976 1791
6977 5244
6978 7350
6979 1905
6980 6112
6981 3788
6982 3076
6983 7832
6984 7282
6985 4948
6986 8881
6987 4066
6988 680
6989 8633
6990 4516
6991 4486
6992 4838
6993 6468
6994 5147
6995 6369
6996 8894
6997 5189
6998 4664
6999 5991
7000 6561
7001 7457
7002 5005
7003 6041
7004 112
7005 4602
7006 7078
7007 3857
7008 7455
7009 2976
7010 2005
7011 5413
7012 7346
7013 2065
7014 7823
7015 7791
7016 1292
7017 2013
7018 7612
7019 1769
7020 4579
7021 4194
7022 5282
7023 6118
7024 5258
7025 6420
7026 944
7027 6135
7028 5670
7029 5877
7030 8809
7031 6936
7032 6442
7033 589
7034 6264
7035 3405
7036 4835
7037 4962
7038 7623
7039 8065
7040 3755
7041 5934
7042 1736
7043 1826
7044 1021
7045 184
7046 3517
7047 2172
7048 4496
7049 7308
7050 6249
7051 7547
7052 4885
7053 6189
7054 4268
7055 7326
7056 309
7057 3505
7058 2059
7059 3277
7060 340
7061 778
7062 740
7063 3296
7064 7013
7065 949
7066 8739
7067 2696
7068 6122
7069 7221
7070 572
7071 3380
7072 1141
7073 3399
7074 4297
7075 8265
7076 463
7077 8831
7078 6964
7079 6529
7080 3865
7081 172
7082 2972
7083 1968
7084 8510
7085 6858
7086 2413
7087 7250
7088 7135
7089 7662
7090 6206
7091 1167
7092 4739
7093 773
7094 4522
7095 5427
7096 4016
7097 4991
7098 6555
7099 8178
7100 6741
7101 109
7102 7958
7103 6502
7104 320
7105 8173
7106 1696
7107 2834
7108 3610
7109 232
7110 8611
7111 5156
7112 6276
7113 8067
7114 5588
7115 8075
7116 2232
7117 7743
7118 7209
7119 2357
7120 7908
7121 1559
7122 2657
7123 989
7124 893
7125 4262
7126 3215
7127 7497
7128 2387
7129 2129
7130 5192
7131 3509
7132 5435
7133 7522
7134 4644
7135 1201
7136 2136
7137 6833
7138 4455
7139 5476
7140 7912
7141 1171
7142 5154
7143 5438
7144 1981
7145 632
7146 7181
7147 4693
7148 7527
7149 4069
7150 8280
7151 5074
7152 5880
7153 2670
7154 7021
7155 7701
7156 4754
7157 7508
7158 5595
7159 7606
7160 2748
7161 2126
7162 2186
7163 4334
7164 1090
7165 7782
7166 3846
7167 950
7168 5984
7169 6313
7170 5249
7171 7563
7172 5644
7173 5856
7174 8351
7175 124
7176 113
7177 4075
7178 3168
7179 6804
7180 1106
7181 1483
7182 8849
7183 7513
7184 5637
7185 7669
7186 5102
7187 2910
7188 2148
7189 7472
7190 5030
7191 5961
7192 7438
7193 1405
7194 416
7195 3548
7196 8673
7197 1105
7198 4670
7199 6937
7200 7499
7201 4963
7202 7233
7203 2127
7204 7663
7205 7329
7206 1003
7207 1414
7208 6360
7209 7758
7210 8553
7211 5462
7212 5834
7213 3393
7214 6993
7215 1155
7216 5572
7217 3390
7218 518
7219 2134
7220 1382
7221 1374
7222 1474
7223 6111
7224 2964
7225 8300
7226 4570
7227 6441
7228 1485
7229 2419
7230 4505
7231 244
7232 2800
7233 6426
7234 70
7235 2597
7236 8388
7237 5083
7238 1222
7239 2849
7240 1889
7241 1861
7242 5969
7243 1638
7244 3719
7245 1846
7246 1239
7247 1619
7248 555
7249 8801
7250 1648
7251 982
7252 6457
7253 592
7254 7939
7255 1205
7256 580
7257 3922
7258 2343
7259 4343
7260 2753
7261 7349
7262 7483
7263 3563
7264 4146
7265 732
7266 3583
7267 7718
7268 1361
7269 2095
7270 2769
7271 1581
7272 1532
7273 1043
7274 8364
7275 7403
7276 7293
7277 1340
7278 33
7279 3040
7280 1153
7281 7408
7282 8225
7283 527
7284 5639
7285 2180
7286 927
7287 5183
7288 4988
7289 4479
7290 5325
7291 6950
7292 8210
7293 5197
7294 8599
7295 3325
7296 8289
7297 6018
7298 4214
7299 7154
7300 2936
7301 7854
7302 1728
7303 7143
7304 1535
7305 7383
7306 6031
7307 4299
7308 2827
7309 1512
7310 2888
7311 5389
7312 843
7313 8786
7314 7861
7315 4190
7316 7017
7317 7333
7318 7573
7319 7974
7320 8504
7321 4290
7322 3454
7323 796
7324 4134
7325 2558
7326 4853
7327 7061
7328 6972
7329 7434
7330 5240
7331 4071
7332 3265
7333 4309
7334 6252
7335 8695
7336 389
7337 3962
7338 5483
7339 3672
7340 3288
7341 3011
7342 7685
7343 8515
7344 8875
7345 4772
7346 794
7347 3039
7348 4023
7349 6113
7350 3768
7351 8094
7352 7496
7353 1916
7354 5583
7355 6737
7356 1330
7357 97
7358 1101
7359 1403
7360 526
7361 3627
7362 1622
7363 4462
7364 3842
7365 3928
7366 6445
7367 315
7368 6630
7369 419
7370 133
7371 862
7372 1843
7373 8233
7374 3320
7375 5169
7376 6946
7377 7892
7378 3779
7379 3783
7380 8605
7381 361
7382 2860
7383 430
7384 7136
7385 6295
7386 2917
7387 1762
7388 2295
7389 7747
7390 1494
7391 6826
7392 4758
7393 7482
7394 3978
7395 4088
7396 5874
7397 7826
7398 1988
7399 7351
7400 3099
7401 5243
7402 2050
7403 8856
7404 738
7405 7395
7406 7676
7407 6957
7408 6090
7409 90
7410 2864
7411 8114
7412 6811
7413 6997
7414 8450
7415 5970
7416 3829
7417 5152
7418 64
7419 2781
7420 4965
7421 5528
7422 5841
7423 1439
7424 8638
7425 1350
7426 6939
7427 8161
7428 6747
7429 2109
7430 678
7431 1875
7432 5570
7433 2833
7434 612
7435 7817
7436 6187
7437 7536
7438 1634
7439 5498
7440 5453
7441 458
7442 4508
7443 7035
7444 4951
7445 4528
7446 2385
7447 4949
7448 280
7449 5200
7450 6812
7451 154
7452 1004
7453 4185
7454 334
7455 5455
7456 2932
7457 1247
7458 82
7459 6680
7460 8854
7461 647
7462 5614
7463 8589
7464 8195
7465 5280
7466 3170
7467 674
7468 2449
7469 5925
7470 2878
7471 1645
7472 4805
7473 3458
7474 536
7475 6969
7476 2599
7477 6062
7478 8023
7479 8804
7480 8622
7481 1699
7482 2323
7483 2392
7484 676
7485 6638
7486 39
7487 8715
7488 3795
7489 3167
7490 842
7491 2269
7492 5376
7493 907
7494 5705
7495 2189
7496 7306
7497 768
7498 8421
7499 6558
7500 8459
7501 4491
7502 1082
7503 5397
7504 219
7505 234
7506 1683
7507 8679
7508 274
7509 2887
7510 8527
7511 6143
7512 4105
7513 5132
7514 2822
7515 2151
7516 8782
7517 6474
7518 233
7519 51
7520 2813
7521 3923
7522 7163
7523 4607
7524 4981
7525 4872
7526 6867
7527 3926
7528 8318
7529 2517
7530 512
7531 2112
7532 3358
7533 1217
7534 7119
7535 7700
7536 3451
7537 8835
7538 4786
7539 7324
7540 5296
7541 660
7542 2914
7543 6958
7544 6619
7545 2088
7546 4130
7547 5181
7548 3535
7549 7635
7550 4465
7551 5202
7552 5112
7553 3580
7554 2435
7555 7710
7556 8607
7557 2372
7558 4236
7559 7355
7560 5472
7561 50
7562 6945
7563 4880
7564 8035
7565 2668
7566 1665
7567 5369
7568 658
7569 7755
7570 8060
7571 659
7572 6217
7573 4808
7574 7065
7575 2361
7576 7182
7577 6971
7578 776
7579 2970
7580 7010
7581 7951
7582 8231
7583 7393
7584 8670
7585 68
7587 5229
7588 4097
7589 8391
7590 7997
7591 8754
7592 6632
7593 207
7594 3869
7595 290
7596 3001
7597 3448
7598 8409
7599 2270
7600 6942
7601 884
7602 975
7603 8266
7604 1254
7605 291
7606 7794
7607 5275
7608 6653
7609 4685
7610 7516
7611 4003
7612 3298
7613 3482
7614 5520
7615 7971
7616 7618
7617 8302
7618 8160
7619 3226
7620 5130
7621 2998
7622 8771
7623 1264
7624 992
7625 3988
7626 6498
7627 8462
7628 2373
7629 4091
7630 4046
7631 7243
7632 7811
7633 7941
7634 2202
7635 285
7636 8653
7637 1231
7638 7222
7639 5884
7640 6300
7641 3931
7642 4519
7643 4715
7644 2876
7645 5078
7646 1424
7647 6782
7648 6289
7649 5122
7650 190
7651 8540
7652 6603
7653 5638
7654 8342
7655 7538
7656 5986
7657 8583
7658 6835
7659 2144
7660 5531
7661 2301
7662 1135
7663 1973
7664 236
7665 5334
7666 7658
7667 7560
7668 7927
7669 5930
7670 6404
7671 1623
7672 608
7673 5656
7674 8425
7675 3751
7676 1612
7677 1323
7678 2314
7679 5567
7680 4836
7681 8753
7682 1911
7683 5913
7684 8552
7685 5700
7686 4896
7687 5475
7688 1599
7689 6203
7690 5057
7691 142
7692 6556
7693 6023
7694 7786
7695 4095
7696 7426
7697 3084
7698 102
7699 7960
7700 4920
7701 1471
7702 5312
7703 8150
7704 1946
7705 8172
7706 3631
7707 6670
7708 3377
7709 5273
7710 689
7711 5337
7712 4267
7713 2190
7714 7803
7715 5774
7716 4641
7717 3613
7718 4326
7719 3791
7720 2723
7721 6956
7722 5089
7723 2715
7724 798
7725 8779
7726 1651
7727 2973
7728 1348
7729 5434
7730 2771
7731 3334
7732 6740
7733 3435
7734 4890
7735 8496
7736 3106
7737 7198
7738 7278
7739 1731
7740 4064
7741 2319
7742 2939
7743 4128
7744 5933
7745 1547
7746 1643
7747 4087
7748 3976
7749 4242
7750 5862
7751 8655
7752 8635
7753 3429
7755 8513
7756 6436
7757 2375
7758 5689
7759 8330
7761 6133
7762 209
7763 3368
7764 8268
7765 1605
7766 6287
7767 3957
7769 6197
7770 4428
7771 4811
7772 915
7773 8003
7774 7510
7775 3641
7776 4783
7777 8272
7778 8395
7779 1091
7781 3917
7783 3894
7784 8828
7785 110
7786 8259
7788 1544
7789 4905
7791 2482
7792 3707
7793 5955
7794 6876
7795 8686
7796 3568
7797 2868
7800 5445
7801 5537
7802 1862
7803 941
7804 5010
7805 374
7807 1401
7808 6966
7809 1649
7810 2863
7811 3818
7812 6970
7814 5199
7815 2582
7816 391
7817 5036
7818 7159
7820 4634
7821 5886
7822 775
7824 4732
7825 961
7826 3131
7827 8777
7828 4483
7830 7187
7832 7551
7833 8348
7834 1223
7835 4272
7836 8196
7837 5536
7838 1113
7839 5503
7840 7128
7841 2535
7842 7315
7843 1654
7844 1169
7845 5166
7847 1404
7850 7642
7852 3186
7854 1015
7855 7630
7856 5627
7858 6176
7861 8489
7862 6180
7863 2389
7864 6668
7866 1825
7867 7458
7868 4301
7869 8548
7870 3252
7871 5148
7872 4925
7873 899
7874 2398
7875 2257
7876 1297
7877 652
7878 5875
7879 3396
7881 782
7882 1842
7883 7447
7885 7361
7888 256
7890 3803
7891 3618
7892 2384
7894 4766
7895 813
7896 3693
7897 174
7898 5887
7899 459
7901 3661
7902 4793
7904 4068
7905 8558
7907 5401
7908 7162
7909 2505
7910 4824
7912 5949
7913 3877
7914 8795
7915 429
7917 427
7918 2337
7919 4429
7920 3428
7922 2044
7923 2245
7924 2237
7925 8726
7926 2892
7928 3367
7929 6593
7931 4513
7932 5736
7933 2069
7934 1255
7935 1620
7937 3533
7938 4512
7939 3452
7940 2092
7941 2957
7943 7088
7946 6318
7948 2818
7952 4798
7954 7617
7955 4626
7957 5964
7959 3041
7960 946
7961 7261
7962 5428
7963 6700
7964 6887
7966 4763
7967 6066
7968 7895
7969 3021
7970 1372
7971 2826
7975 7952
7976 894
7977 2149
7979 4153
7980 8623
7983 2943
7984 5789
7985 8249
7986 4305
7987 341
7988 69
7989 6944
7990 1615
7991 6545
7992 1173
7993 690
7994 8770
7995 1068
7996 186
7997 5092
7999 6239
8002 8380
8003 3557
8004 4929
8005 2182
8006 8516
8007 6333
8008 1162
8009 2486
8011 3823
8012 3048
8014 6367
8016 7529
8017 3643
8018 787
8020 2850
8021 622
8023 5050
8025 6375
8026 2222
8027 4788
8028 7585
8031 1221
8032 986
8033 7742
8034 388
8036 8873
8037 7800
8038 8393
8041 1305
8042 3697
8043 5590
8044 8810
8045 5248
8046 3138
8047 8073
8048 6159
8050 6991
8052 7330
8054 6301
8055 7480
8056 5830
8057 1685
8059 870
8061 7466
8064 3807
8065 4521
8066 4384
8067 4633
8068 552
8070 248
8072 8692
8073 3110
8074 296
8075 1107
8076 3308
8077 312
8078 1391
8079 2661
8081 2445
8082 3280
8084 4015
8085 5837
8088 875
8090 2789
8091 6536
8092 1571
8093 6855
8095 860
8097 3486
8098 6144
8099 2345
8100 2004
8101 6483
8102 5227
8103 6658
8104 4243
8105 3789
8106 4026
8107 3852
8108 7520
8111 819
8115 4898
8116 8693
8117 5609
8120 789
8121 6947
8122 7644
8123 81
8125 1429
8126 4631
8127 1434
8128 2743
8129 1314
8130 2188
8131 4865
8132 5046
8133 3502
8134 4383
8135 8662
8136 2725
8138 2617
8141 8817
8142 7695
8143 5561
8145 7129
8146 7068
8148 3162
8149 2286
8150 5061
8151 585
8152 3361
8153 5426
8154 6522
8155 3848
8156 3375
8160 3400
8161 8107
8162 6862
8163 6784
8164 6671
8165 4056
8167 7840
8170 3512
8171 5109
8172 6078
8173 3370
8177 6857
8178 2940
8179 6283
8183 6725
8186 6610
8189 6625
8190 7502
8191 1028
8193 838
8194 3085
8195 629
8196 5798
8197 2137
8198 3483
8199 1940
8200 1879
8203 2660
8206 6157
8207 4735
8209 1521
8210 454
8214 1174
8215 4760
8218 7532
8220 1214
8222 2841
8223 6644
8224 954
8225 3920
8226 5610
8228 1816
8229 451
8230 223
8231 1985
8233 1958
8234 910
8235 4645
8236 4280
8237 6599
8238 7364
8239 502
8241 888
8242 5825
8243 573
8244 5373
8245 8131
8246 8247
8247 1870
8248 2788
8250 2667
8251 2587
8253 7450
8254 6258
8255 6569
8257 5414
8258 1630
8259 4233
8262 4099
8263 6641
8264 6174
8265 6838
8266 5279
8270 3678
8271 8471
8272 3680
8275 1341
8276 8844
8277 5515
8278 4529
8279 5755
8280 4850
8281 5667
8283 5457
8284 3144
8287 8499
8290 3686
8291 24
8292 2335
8294 6570
8295 7739
8296 4279
8297 5125
8299 3344
8301 8378
8303 531
8304 7862
8305 5791
8306 1893
8309 8493
8310 1085
8311 5509
8314 1514
8315 1998
8316 5162
8317 7196
8322 8403
8324 6102
8328 5517
8329 3501
8330 3781
8331 5433
8332 4662
8333 418
8335 2311
8336 8702
8337 465
8338 2053
8339 6877
8341 6365
8342 3489
8343 4409
8344 5011
8345 6718
8346 3042
8348 4987
8349 7905
8350 5820
8351 240
8352 6565
8353 7734
8354 1343
8355 3262
8356 5108
8359 6071
8361 6119
8363 3593
8364 7443
8366 8768
8367 23
8373 8644
8377 8267
8378 3784
8379 3706
8381 2627
8382 5571
8383 3947
8387 4779
8388 4806
8390 5069
8391 125
8392 6321
8394 6656
8398 3659
8400 5430
8403 6212
8406 1333
8407 5129
8409 7340
8410 8889
8412 1819
8413 6770
8414 7983
8416 3146
8418 2215
8420 7873
8421 3884
8424 5016
8425 2267
8426 1850
8428 7476
8429 2808
8431 8048
8433 1766
8434 8371
8435 7085
8436 6530
8437 5043
8438 7556
8439 7224
8441 2309
8443 1798
8445 461
8447 4866
8448 4596
8450 3552
8451 6104
8453 2545
8454 1103
8460 2583
8461 2423
8463 7409
8464 8389
8465 516
8466 2405
8469 5103
8470 1939
8471 6531
8473 1580
8474 7970
8476 641
8477 6268
8479 1125
8481 3704
8482 851
8483 7377
8485 1732
8488 8154
8489 6366
8494 453
8495 397
8496 1417
8497 595
8498 6818
8502 7117
8503 8185
8507 5218
8508 4256
8509 2377
8511 2626
8514 2665
8515 8054
8516 7090
8517 3177
8518 8250
8519 4543
8520 6185
8522 6304
8523 724
8533 8309
8534 3656
8536 7894
8537 1529
8539 1764
8543 2023
8544 6768
8546 332
8547 3054
8551 7901
8552 4557
8557 8360
8558 7665
8560 3225
8561 8463
8562 450
8564 1468
8565 2034
8566 1039
8569 4342
8571 6178
8573 224
8574 524
8575 4488
8576 3266
8578 7848
8579 1533
8580 6613
8581 1942
8582 3983
8586 1456
8587 6881
8588 2431
8589 7610
8590 7979
8593 7835
8594 3401
8596 7185
8597 5496
8599 1236
8600 1502
8602 8812
8603 479
8605 5416
8606 263
8607 7691
8608 5990
8610 197
8611 5836
8614 985
8615 583
8617 559
8618 3918
8619 3064
8620 1089
8624 6609
8625 8315
8626 5474
8627 73
8629 7277
8632 4622
8633 4103
8636 7291
8637 2971
8639 6377
8642 5360
8643 5696
8644 6240
8645 4344
8646 4167
8647 2229
8649 3995
8653 4773
8654 8631
8656 317
8658 5500
8661 6275
8663 277
8667 2434
8668 4738
8671 2145
8672 8376
8674 3998
8676 5028
8677 205
8678 5324
8680 3020
8684 4623
8685 5839
8686 155
8687 6084
8689 8506
8693 1705
8694 6064
8696 5390
8698 5440
8699 3722
8700 10
8703 4655
8707 2650
8708 3721
8709 7193
8710 3669
8711 4438
8713 1381
8714 1408
8715 4725
8716 6659
8719 7982
8721 1379
8722 6667
8723 1789
8724 1603
8725 1432
8726 4287
8729 7309
8731 59
8732 2056
8733 8167
8734 6685
8735 4612
8736 7924
8738 8839
8739 2355
8740 1610
8742 4789
8743 6231
8744 4975
8748 8026
8754 5284
8755 931
8756 5761
8757 1130
8759 5829
8760 574
8761 8078
8764 6673
8765 1108
8768 8232
8770 8243
8772 5827
8773 2057
8774 7374
8776 4910
8778 8579
8781 651
8786 1253
8787 3953
8789 1511
8790 3799
8792 8449
8793 7283
8794 4175
8795 4216
8797 2992
8799 8518
8802 1524
8804 6754
8807 636
8809 8617
8814 8200
8815 8155
8820 7821
8821 8718
8822 8339
8823 6505
8824 3395
8825 565
8828 1528
8830 7384
8831 7842
8833 7574
8834 6890
8837 8899
8839 3584
8840 2610
8842 6912
8844 5868
8845 1885
8847 8321
8848 7071
8849 3026
8850 9
8851 5794
8852 3942
8855 1713
8858 5951
8860 2255
8861 5980
8862 709
8863 6493
8864 5158
8865 7587
8867 7920
8869 2070
8870 4202
8871 7552
8876 1954
8878 6021
8882 4139
8884 3897
8887 158
8888 3963
8890 8201
8892 8838
8893 734
8894 189
8896 5082
8897 2686
8899 8892
8900 6079
8901 8297
8905 7202
8908 6837
8913 1371
8920 2064
8921 3916
8923 722
8924 4605
8925 5557
8928 5100
8930 295
8932 1613
8933 1448
8934 6130
8935 8675
8937 3640
8939 1588
8940 4439
8946 425
8948 3969
8950 4648
8952 3510
8953 2886
8954 2119
8955 3903
8964 6805
8965 2470
8966 6496
8967 6036
8971 3666
8973 2663
8974 6363
8980 8802
8982 5335
8986 6242
8989 6757
8991 7978
8992 1628
8994 3192
8995 3403
8996 1198
8997 5737
8998 5151
9000 2752
9001 5075
9002 1583
9003 8467
9005 1806
9008 1576
9009 5350
9011 8587
9014 4566
9015 5532
9017 4362
9018 6219
9021 7535
9024 3045
9026 79
9029 7943
9032 3537
9034 5168
9037 2128
9038 2695
9039 1814
9041 5738
9042 6341
9043 5497
9044 5892
9045 8776
9047 5853
9048 6139
9049 8500
9050 8118
9051 6473
9052 6484
9056 825
9057 7190
9059 2562
9061 1785
9062 7963
9063 1400
9067 7514
9070 4147
9072 1121
9073 4081
9074 22
9077 5084
9078 6634
9079 5167
9082 6451
9084 7175
9088 1542
9090 321
9091 1158
9092 5115
9094 7512
9095 6100
9096 6072
9097 7279
9099 581
9100 4499
9101 8517
9104 2322
9108 8547
9112 6334
9115 2306
9118 7142
9120 898
9121 2048
9122 2511
9124 5541
9125 3189
9128 2633
9129 6459
9130 1616
9131 4986
9132 1086
9134 4039
9135 6261
9137 7146
9138 766
9140 3822
9141 6847
9143 6146
9144 3425
9147 7828
9150 3801
9154 2121
9155 1112
9157 1863
9158 4375
9160 4172
9163 7465
9167 3242
9168 3929
9169 7140
9172 8758
9178 3208
9182 7294
9183 3601
9185 541
9186 43
9187 2912
9189 4458
9191 8530
9192 6469
9193 1653
9194 3701
9195 8756
9197 7167
9199 7870
9207 3349
9208 6320
9209 4407
9211 1967
9213 1574
9214 2287
9224 1104
9225 8707
9226 6627
9227 960
9228 1708
9230 3255
9231 4159
9233 432
9237 1195
9239 2690
9240 1808
9243 3662
9249 1479
9250 8235
9255 8860
9257 6208
9259 726
9261 178
9262 1556
9263 8841
9269 5612
9270 8426
9271 7301
9273 4744
9274 3254
9276 7822
9278 5762
9279 6230
9280 8099
9285 3499
9286 6739
9289 6003
9290 2929
9294 5242
9296 7866
9299 7335
9300 615
9302 238
9303 7824
9305 1131
9309 8524
9310 7108
9311 6260
9312 2201
9313 6611
9314 5935
9315 4877
9316 6781
9318 151
9319 6511
9323 7882
9329 3638
9330 175
9331 6486
9334 3017
9335 5062
9336 8785
9338 8159
9339 1919
9340 2751
9341 7787
9345 5332
9346 5510
9348 5671
9358 4874
9359 6672
9360 761
9361 2415
9362 381
9365 7737
9366 8668
9370 7716
9371 7456
9372 468
9376 2515
9378 2799
9379 62
9387 8095
9390 6965
9406 7097
9409 604
9411 7972
9413 7139
9416 2426
9419 2225
9427 762
9430 4924
9432 3244
9434 4035
9440 5403
9441 6132
9443 5097
9445 6314
9450 6089
9451 7325
9452 7072
9456 8357
9457 3534
9459 2656
9460 5163
9461 1037
9464 4467
9465 4086
9473 4585
9474 6840
9479 1682
9481 4485
9491 3899
9492 2268
9501 5297
9504 3522
9506 2487
9509 7375
9510 4156
9511 6398
9512 4019
9514 4539
9515 736
9517 7619
9518 6665
9524 1063
9527 8664
9533 7371
9534 1498
9543 4819
9544 6293
9545 6745
9547 8110
9550 1069
9552 6955
9557 6005
9558 8642
9559 8047
9560 5187
9561 6335
9563 2212
9564 8811
9565 6735
9569 4667
9571 7220
9574 1055
9577 3616
9578 1088
9580 7186
9581 579
9584 7934
9588 3843
9593 1632
9598 8614
9602 955
9604 3260
9605 7257
9609 3191
9610 1278
9611 2513
9616 5940
9625 7541
9626 3851
9630 6227
9632 8737
9634 6152
9636 8508
9645 7969
9646 6006
9649 7998
9654 8868
9658 415
9662 7152
9669 3178
9673 7
9675 6328
9676 1602
9677 36
9679 4092
9699 182
9704 6803
9712 7138
9714 5860
9715 5840
9718 7827
9719 6236
9722 2320
9723 212
9730 5585
9731 5382
9734 8281
9754 6281
9757 8871
9760 5781
9764 1334
9766 5230
9768 4014
9770 2221
9772 8848
9775 2143
9777 2154
9779 6000
9782 14
9783 1466
9784 8273
9786 4481
9789 2981
9792 163
9796 7648
9803 4365
9804 865
9806 2816
9809 4317
9821 812
9825 3984
9832 7425
9836 7531
9837 1313
9851 6099
9854 2063
9855 1259
9858 6389
9863 2652
9869 2217
9871 3473
9873 8536
9879 7837
9880 8323
9881 7671
9882 1555
9887 2703
9890 6711
9891 5764
9901 3893
9904 7549
9920 3806
9933 5219
9939 4109
9946 3187
9947 8478
9948 7704
9952 8128
9955 7613
9956 2925
9957 8126
9958 7454
9959 7995
9962 3464
9965 4300
9970 2194
9971 1402
9972 7041
9978 7879
9979 8598
9989 1035
9990 417
9992 6863
9995 5685
